2025-07-10 10:42:25,987 INFO: æ—¥å¿—ç³»ç»Ÿåˆå§‹åŒ–å®Œæˆ [in /Users/dream/Desktop/å°å­¦æœŸ2/pavement_distraction_detection/backend/app/utils/logger.py:65]
2025-07-10 10:42:25,987 INFO: æ­£åœ¨åŠ è½½ Dlib äººè„¸è¯†åˆ«æ¨¡å‹... [in /Users/dream/Desktop/å°å­¦æœŸ2/pavement_distraction_detection/backend/app/services/face_service.py:27]
2025-07-10 10:42:25,988 ERROR: Dlib æ¨¡å‹æ–‡ä»¶æœªæ‰¾åˆ°: /Users/dream/Desktop/å°å­¦æœŸ2/pavement_distraction_detection/backend/app/services/../../data/data_dlib/shape_predictor_68_face_landmarks.dat [in /Users/dream/Desktop/å°å­¦æœŸ2/pavement_distraction_detection/backend/app/services/face_service.py:40]
2025-07-10 10:42:25,988 ERROR: Dlib æˆ–äººè„¸æ•°æ®åº“æ–‡ä»¶ç¼ºå¤±: Missing Dlib predictor: /Users/dream/Desktop/å°å­¦æœŸ2/pavement_distraction_detection/backend/app/services/../../data/data_dlib/shape_predictor_68_face_landmarks.dat [in /Users/dream/Desktop/å°å­¦æœŸ2/pavement_distraction_detection/backend/app/services/face_service.py:54]
2025-07-10 10:42:25,988 INFO: äººè„¸è¯†åˆ«æœåŠ¡åˆå§‹åŒ–å®Œæˆ [in /Users/dream/Desktop/å°å­¦æœŸ2/pavement_distraction_detection/backend/app/main.py:56]
2025-07-10 10:42:25,988 INFO: æµ‹è¯•æ—¥å¿—å†™å…¥ï¼šå¦‚æœä½ çœ‹åˆ°è¿™æ¡æ—¥å¿—ï¼Œè¯´æ˜æ—¥å¿—æ–‡ä»¶å†™å…¥æ­£å¸¸ï¼ [in /Users/dream/Desktop/å°å­¦æœŸ2/pavement_distraction_detection/backend/app/main.py:61]
2025-07-10 10:42:27,064 INFO: æ•°æ®åº“è¿æ¥æˆåŠŸï¼Œæ‰€æœ‰è¡¨å·²åˆ›å»ºï¼ˆæˆ–å·²å­˜åœ¨ï¼‰ [in /Users/dream/Desktop/å°å­¦æœŸ2/pavement_distraction_detection/backend/app/main.py:190]
2025-07-10 10:42:27,064 INFO: Flask åº”ç”¨å¯åŠ¨ä¸­... [in /Users/dream/Desktop/å°å­¦æœŸ2/pavement_distraction_detection/backend/app/main.py:194]
2025-07-10 10:42:27,064 DEBUG: å½“å‰è¿è¡Œç¯å¢ƒ: development [in /Users/dream/Desktop/å°å­¦æœŸ2/pavement_distraction_detection/backend/app/main.py:195]
2025-07-10 10:44:34,497 INFO: æ—¥å¿—ç³»ç»Ÿåˆå§‹åŒ–å®Œæˆ [in /Users/dream/Desktop/å°å­¦æœŸ2/pavement_distraction_detection/backend/app/utils/logger.py:65]
2025-07-10 10:44:34,497 INFO: æ­£åœ¨åŠ è½½ Dlib äººè„¸è¯†åˆ«æ¨¡å‹... [in /Users/dream/Desktop/å°å­¦æœŸ2/pavement_distraction_detection/backend/app/services/face_service.py:27]
2025-07-10 10:44:34,497 ERROR: Dlib æ¨¡å‹æ–‡ä»¶æœªæ‰¾åˆ°: /Users/dream/Desktop/å°å­¦æœŸ2/pavement_distraction_detection/backend/app/services/../../data/data_dlib/shape_predictor_68_face_landmarks.dat [in /Users/dream/Desktop/å°å­¦æœŸ2/pavement_distraction_detection/backend/app/services/face_service.py:40]
2025-07-10 10:44:34,497 ERROR: Dlib æˆ–äººè„¸æ•°æ®åº“æ–‡ä»¶ç¼ºå¤±: Missing Dlib predictor: /Users/dream/Desktop/å°å­¦æœŸ2/pavement_distraction_detection/backend/app/services/../../data/data_dlib/shape_predictor_68_face_landmarks.dat [in /Users/dream/Desktop/å°å­¦æœŸ2/pavement_distraction_detection/backend/app/services/face_service.py:54]
2025-07-10 10:44:34,497 INFO: äººè„¸è¯†åˆ«æœåŠ¡åˆå§‹åŒ–å®Œæˆ [in /Users/dream/Desktop/å°å­¦æœŸ2/pavement_distraction_detection/backend/app/main.py:56]
2025-07-10 10:44:34,497 INFO: æµ‹è¯•æ—¥å¿—å†™å…¥ï¼šå¦‚æœä½ çœ‹åˆ°è¿™æ¡æ—¥å¿—ï¼Œè¯´æ˜æ—¥å¿—æ–‡ä»¶å†™å…¥æ­£å¸¸ï¼ [in /Users/dream/Desktop/å°å­¦æœŸ2/pavement_distraction_detection/backend/app/main.py:61]
2025-07-10 10:44:35,523 INFO: æ•°æ®åº“è¿æ¥æˆåŠŸï¼Œæ‰€æœ‰è¡¨å·²åˆ›å»ºï¼ˆæˆ–å·²å­˜åœ¨ï¼‰ [in /Users/dream/Desktop/å°å­¦æœŸ2/pavement_distraction_detection/backend/app/main.py:190]
2025-07-10 10:44:35,523 INFO: Flask åº”ç”¨å¯åŠ¨ä¸­... [in /Users/dream/Desktop/å°å­¦æœŸ2/pavement_distraction_detection/backend/app/main.py:194]
2025-07-10 10:44:35,523 DEBUG: å½“å‰è¿è¡Œç¯å¢ƒ: development [in /Users/dream/Desktop/å°å­¦æœŸ2/pavement_distraction_detection/backend/app/main.py:195]
2025-07-10 10:44:35,527 INFO: [31m[1mWARNING: This is a development server. Do not use it in a production deployment. Use a production WSGI server instead.[0m
 * Running on http://127.0.0.1:8000 [in /opt/anaconda3/lib/python3.12/site-packages/werkzeug/_internal.py:97]
2025-07-10 10:44:35,527 INFO: [33mPress CTRL+C to quit[0m [in /opt/anaconda3/lib/python3.12/site-packages/werkzeug/_internal.py:97]
2025-07-10 10:44:35,527 INFO:  * Restarting with watchdog (fsevents) [in /opt/anaconda3/lib/python3.12/site-packages/werkzeug/_internal.py:97]
2025-07-10 10:44:36,223 INFO: æ—¥å¿—ç³»ç»Ÿåˆå§‹åŒ–å®Œæˆ [in /Users/dream/Desktop/å°å­¦æœŸ2/pavement_distraction_detection/backend/app/utils/logger.py:65]
2025-07-10 10:44:36,223 INFO: æ­£åœ¨åŠ è½½ Dlib äººè„¸è¯†åˆ«æ¨¡å‹... [in /Users/dream/Desktop/å°å­¦æœŸ2/pavement_distraction_detection/backend/app/services/face_service.py:27]
2025-07-10 10:44:36,223 ERROR: Dlib æ¨¡å‹æ–‡ä»¶æœªæ‰¾åˆ°: /Users/dream/Desktop/å°å­¦æœŸ2/pavement_distraction_detection/backend/app/services/../../data/data_dlib/shape_predictor_68_face_landmarks.dat [in /Users/dream/Desktop/å°å­¦æœŸ2/pavement_distraction_detection/backend/app/services/face_service.py:40]
2025-07-10 10:44:36,223 ERROR: Dlib æˆ–äººè„¸æ•°æ®åº“æ–‡ä»¶ç¼ºå¤±: Missing Dlib predictor: /Users/dream/Desktop/å°å­¦æœŸ2/pavement_distraction_detection/backend/app/services/../../data/data_dlib/shape_predictor_68_face_landmarks.dat [in /Users/dream/Desktop/å°å­¦æœŸ2/pavement_distraction_detection/backend/app/services/face_service.py:54]
2025-07-10 10:44:36,223 INFO: äººè„¸è¯†åˆ«æœåŠ¡åˆå§‹åŒ–å®Œæˆ [in /Users/dream/Desktop/å°å­¦æœŸ2/pavement_distraction_detection/backend/app/main.py:56]
2025-07-10 10:44:36,223 INFO: æµ‹è¯•æ—¥å¿—å†™å…¥ï¼šå¦‚æœä½ çœ‹åˆ°è¿™æ¡æ—¥å¿—ï¼Œè¯´æ˜æ—¥å¿—æ–‡ä»¶å†™å…¥æ­£å¸¸ï¼ [in /Users/dream/Desktop/å°å­¦æœŸ2/pavement_distraction_detection/backend/app/main.py:61]
2025-07-10 10:44:36,836 INFO: æ•°æ®åº“è¿æ¥æˆåŠŸï¼Œæ‰€æœ‰è¡¨å·²åˆ›å»ºï¼ˆæˆ–å·²å­˜åœ¨ï¼‰ [in /Users/dream/Desktop/å°å­¦æœŸ2/pavement_distraction_detection/backend/app/main.py:190]
2025-07-10 10:44:36,836 INFO: Flask åº”ç”¨å¯åŠ¨ä¸­... [in /Users/dream/Desktop/å°å­¦æœŸ2/pavement_distraction_detection/backend/app/main.py:194]
2025-07-10 10:44:36,836 DEBUG: å½“å‰è¿è¡Œç¯å¢ƒ: development [in /Users/dream/Desktop/å°å­¦æœŸ2/pavement_distraction_detection/backend/app/main.py:195]
2025-07-10 10:44:36,837 WARNING:  * Debugger is active! [in /opt/anaconda3/lib/python3.12/site-packages/werkzeug/_internal.py:97]
2025-07-10 10:44:36,853 INFO:  * Debugger PIN: 956-487-144 [in /opt/anaconda3/lib/python3.12/site-packages/werkzeug/_internal.py:97]
2025-07-10 10:44:53,954 INFO: 127.0.0.1 - - [10/Jul/2025 10:44:53] "GET /socket.io/?EIO=4&transport=polling&t=sbrj6s3l HTTP/1.1" 200 - [in /opt/anaconda3/lib/python3.12/site-packages/werkzeug/_internal.py:97]
2025-07-10 10:44:53,974 INFO: SocketIO å®¢æˆ·ç«¯è¿æ¥ [in /Users/dream/Desktop/å°å­¦æœŸ2/pavement_distraction_detection/backend/app/main.py:90]
2025-07-10 10:44:53,985 INFO: 127.0.0.1 - - [10/Jul/2025 10:44:53] "POST /socket.io/?EIO=4&transport=polling&t=sbrk89t4&sid=pY2kJkQtzg8aZgU5AAAA HTTP/1.1" 200 - [in /opt/anaconda3/lib/python3.12/site-packages/werkzeug/_internal.py:97]
2025-07-10 10:44:53,985 INFO: 127.0.0.1 - - [10/Jul/2025 10:44:53] "GET /socket.io/?EIO=4&transport=polling&t=sbrkcky7&sid=pY2kJkQtzg8aZgU5AAAA HTTP/1.1" 200 - [in /opt/anaconda3/lib/python3.12/site-packages/werkzeug/_internal.py:97]
2025-07-10 10:44:56,174 INFO: æ”¶åˆ°äººè„¸è¯†åˆ«è¯·æ±‚ [in /Users/dream/Desktop/å°å­¦æœŸ2/pavement_distraction_detection/backend/app/main.py:105]
2025-07-10 10:44:56,176 ERROR: Dlib æ¨¡å‹æœªåŠ è½½ã€‚æ— æ³•æ‰§è¡Œè¯†åˆ«ã€‚ [in /Users/dream/Desktop/å°å­¦æœŸ2/pavement_distraction_detection/backend/app/services/face_service.py:107]
2025-07-10 10:44:56,351 INFO: æ”¶åˆ°äººè„¸è¯†åˆ«è¯·æ±‚ [in /Users/dream/Desktop/å°å­¦æœŸ2/pavement_distraction_detection/backend/app/main.py:105]
2025-07-10 10:44:56,351 ERROR: Dlib æ¨¡å‹æœªåŠ è½½ã€‚æ— æ³•æ‰§è¡Œè¯†åˆ«ã€‚ [in /Users/dream/Desktop/å°å­¦æœŸ2/pavement_distraction_detection/backend/app/services/face_service.py:107]
2025-07-10 10:44:56,549 INFO: æ”¶åˆ°äººè„¸è¯†åˆ«è¯·æ±‚ [in /Users/dream/Desktop/å°å­¦æœŸ2/pavement_distraction_detection/backend/app/main.py:105]
2025-07-10 10:44:56,549 ERROR: Dlib æ¨¡å‹æœªåŠ è½½ã€‚æ— æ³•æ‰§è¡Œè¯†åˆ«ã€‚ [in /Users/dream/Desktop/å°å­¦æœŸ2/pavement_distraction_detection/backend/app/services/face_service.py:107]
2025-07-10 10:44:56,553 INFO: è¿ç»­ä¸‰å¸§ä¸€è‡´ï¼Œemitç»“æœï¼Œsid=Z10CNXijYr3wsyheAAAB, name=None, dq=[(1752115496.176322, None), (1752115496.351968, None), (1752115496.549707, None)] [in /Users/dream/Desktop/å°å­¦æœŸ2/pavement_distraction_detection/backend/app/main.py:125]
2025-07-10 10:44:56,555 INFO: SocketIO å®¢æˆ·ç«¯æ–­å¼€è¿æ¥ [in /Users/dream/Desktop/å°å­¦æœŸ2/pavement_distraction_detection/backend/app/main.py:95]
2025-07-10 10:44:56,559 INFO: 127.0.0.1 - - [10/Jul/2025 10:44:56] "GET /socket.io/?EIO=4&transport=websocket&sid=pY2kJkQtzg8aZgU5AAAA HTTP/1.1" 200 - [in /opt/anaconda3/lib/python3.12/site-packages/werkzeug/_internal.py:97]
2025-07-10 10:45:52,894 INFO: 127.0.0.1 - - [10/Jul/2025 10:45:52] "GET /socket.io/?EIO=4&transport=polling&t=sd10ko83 HTTP/1.1" 200 - [in /opt/anaconda3/lib/python3.12/site-packages/werkzeug/_internal.py:97]
2025-07-10 10:45:52,906 INFO: SocketIO å®¢æˆ·ç«¯è¿æ¥ [in /Users/dream/Desktop/å°å­¦æœŸ2/pavement_distraction_detection/backend/app/main.py:90]
2025-07-10 10:45:52,911 INFO: 127.0.0.1 - - [10/Jul/2025 10:45:52] "POST /socket.io/?EIO=4&transport=polling&t=sd11eplp&sid=fYP50LeTsMUHbRflAAAC HTTP/1.1" 200 - [in /opt/anaconda3/lib/python3.12/site-packages/werkzeug/_internal.py:97]
2025-07-10 10:45:52,912 INFO: 127.0.0.1 - - [10/Jul/2025 10:45:52] "GET /socket.io/?EIO=4&transport=polling&t=sd11fyzj&sid=fYP50LeTsMUHbRflAAAC HTTP/1.1" 200 - [in /opt/anaconda3/lib/python3.12/site-packages/werkzeug/_internal.py:97]
2025-07-10 10:45:52,927 INFO: 127.0.0.1 - - [10/Jul/2025 10:45:52] "GET /socket.io/?EIO=4&transport=polling&t=sd1216dz&sid=fYP50LeTsMUHbRflAAAC HTTP/1.1" 200 - [in /opt/anaconda3/lib/python3.12/site-packages/werkzeug/_internal.py:97]
2025-07-10 10:45:54,078 INFO: æ”¶åˆ°è·¯é¢æ£€æµ‹è§†é¢‘å¸§ [in /Users/dream/Desktop/å°å­¦æœŸ2/pavement_distraction_detection/backend/app/main.py:159]
2025-07-10 10:45:54,083 INFO: å¼€å§‹å¤„ç†è§†é¢‘å¸§... [in /Users/dream/Desktop/å°å­¦æœŸ2/pavement_distraction_detection/backend/app/api/pavement_detection.py:92]
2025-07-10 10:45:54,084 WARNING: è§†é¢‘å¸§æ£€æµ‹å¤±è´¥: æ¨¡å‹æœªåŠ è½½ï¼Œæ— æ³•è¿›è¡Œæ£€æµ‹ [in /Users/dream/Desktop/å°å­¦æœŸ2/pavement_distraction_detection/backend/app/api/pavement_detection.py:108]
2025-07-10 10:46:34,461 INFO: SocketIO å®¢æˆ·ç«¯æ–­å¼€è¿æ¥ [in /Users/dream/Desktop/å°å­¦æœŸ2/pavement_distraction_detection/backend/app/main.py:95]
2025-07-10 10:46:34,466 INFO: 127.0.0.1 - - [10/Jul/2025 10:46:34] "GET /socket.io/?EIO=4&transport=websocket&sid=fYP50LeTsMUHbRflAAAC HTTP/1.1" 200 - [in /opt/anaconda3/lib/python3.12/site-packages/werkzeug/_internal.py:97]
2025-07-10 10:49:25,360 INFO: æ—¥å¿—ç³»ç»Ÿåˆå§‹åŒ–å®Œæˆ [in /Users/dream/Desktop/å°å­¦æœŸ2/pavement_distraction_detection/backend/app/utils/logger.py:65]
2025-07-10 10:49:25,360 INFO: æ­£åœ¨åŠ è½½ Dlib äººè„¸è¯†åˆ«æ¨¡å‹... [in /Users/dream/Desktop/å°å­¦æœŸ2/pavement_distraction_detection/backend/app/services/face_service.py:27]
2025-07-10 10:49:25,860 INFO: Dlib æ¨¡å‹åŠ è½½å®Œæˆã€‚ [in /Users/dream/Desktop/å°å­¦æœŸ2/pavement_distraction_detection/backend/app/services/face_service.py:49]
2025-07-10 10:49:25,916 INFO: äººè„¸æ•°æ®åº“ '/Users/dream/Desktop/å°å­¦æœŸ2/pavement_distraction_detection/backend/app/services/../../data/features_all.csv' åŠ è½½å®Œæˆï¼Œå·²åŒ…å« 4 å¼ å·²çŸ¥äººè„¸ã€‚ [in /Users/dream/Desktop/å°å­¦æœŸ2/pavement_distraction_detection/backend/app/services/face_service.py:83]
2025-07-10 10:49:25,916 INFO: äººè„¸è¯†åˆ«æœåŠ¡åˆå§‹åŒ–å®Œæˆ [in /Users/dream/Desktop/å°å­¦æœŸ2/pavement_distraction_detection/backend/app/main.py:56]
2025-07-10 10:49:25,916 INFO: æµ‹è¯•æ—¥å¿—å†™å…¥ï¼šå¦‚æœä½ çœ‹åˆ°è¿™æ¡æ—¥å¿—ï¼Œè¯´æ˜æ—¥å¿—æ–‡ä»¶å†™å…¥æ­£å¸¸ï¼ [in /Users/dream/Desktop/å°å­¦æœŸ2/pavement_distraction_detection/backend/app/main.py:61]
2025-07-10 10:49:27,010 INFO: æ•°æ®åº“è¿æ¥æˆåŠŸï¼Œæ‰€æœ‰è¡¨å·²åˆ›å»ºï¼ˆæˆ–å·²å­˜åœ¨ï¼‰ [in /Users/dream/Desktop/å°å­¦æœŸ2/pavement_distraction_detection/backend/app/main.py:190]
2025-07-10 10:49:27,010 INFO: Flask åº”ç”¨å¯åŠ¨ä¸­... [in /Users/dream/Desktop/å°å­¦æœŸ2/pavement_distraction_detection/backend/app/main.py:194]
2025-07-10 10:49:27,010 DEBUG: å½“å‰è¿è¡Œç¯å¢ƒ: development [in /Users/dream/Desktop/å°å­¦æœŸ2/pavement_distraction_detection/backend/app/main.py:195]
2025-07-10 10:49:27,014 INFO: [31m[1mWARNING: This is a development server. Do not use it in a production deployment. Use a production WSGI server instead.[0m
 * Running on http://127.0.0.1:8000 [in /opt/anaconda3/lib/python3.12/site-packages/werkzeug/_internal.py:97]
2025-07-10 10:49:27,015 INFO: [33mPress CTRL+C to quit[0m [in /opt/anaconda3/lib/python3.12/site-packages/werkzeug/_internal.py:97]
2025-07-10 10:49:27,015 INFO:  * Restarting with watchdog (fsevents) [in /opt/anaconda3/lib/python3.12/site-packages/werkzeug/_internal.py:97]
2025-07-10 10:49:27,739 INFO: æ—¥å¿—ç³»ç»Ÿåˆå§‹åŒ–å®Œæˆ [in /Users/dream/Desktop/å°å­¦æœŸ2/pavement_distraction_detection/backend/app/utils/logger.py:65]
2025-07-10 10:49:27,739 INFO: æ­£åœ¨åŠ è½½ Dlib äººè„¸è¯†åˆ«æ¨¡å‹... [in /Users/dream/Desktop/å°å­¦æœŸ2/pavement_distraction_detection/backend/app/services/face_service.py:27]
2025-07-10 10:49:28,203 INFO: Dlib æ¨¡å‹åŠ è½½å®Œæˆã€‚ [in /Users/dream/Desktop/å°å­¦æœŸ2/pavement_distraction_detection/backend/app/services/face_service.py:49]
2025-07-10 10:49:28,254 INFO: äººè„¸æ•°æ®åº“ '/Users/dream/Desktop/å°å­¦æœŸ2/pavement_distraction_detection/backend/app/services/../../data/features_all.csv' åŠ è½½å®Œæˆï¼Œå·²åŒ…å« 4 å¼ å·²çŸ¥äººè„¸ã€‚ [in /Users/dream/Desktop/å°å­¦æœŸ2/pavement_distraction_detection/backend/app/services/face_service.py:83]
2025-07-10 10:49:28,254 INFO: äººè„¸è¯†åˆ«æœåŠ¡åˆå§‹åŒ–å®Œæˆ [in /Users/dream/Desktop/å°å­¦æœŸ2/pavement_distraction_detection/backend/app/main.py:56]
2025-07-10 10:49:28,254 INFO: æµ‹è¯•æ—¥å¿—å†™å…¥ï¼šå¦‚æœä½ çœ‹åˆ°è¿™æ¡æ—¥å¿—ï¼Œè¯´æ˜æ—¥å¿—æ–‡ä»¶å†™å…¥æ­£å¸¸ï¼ [in /Users/dream/Desktop/å°å­¦æœŸ2/pavement_distraction_detection/backend/app/main.py:61]
2025-07-10 10:49:28,858 INFO: æ•°æ®åº“è¿æ¥æˆåŠŸï¼Œæ‰€æœ‰è¡¨å·²åˆ›å»ºï¼ˆæˆ–å·²å­˜åœ¨ï¼‰ [in /Users/dream/Desktop/å°å­¦æœŸ2/pavement_distraction_detection/backend/app/main.py:190]
2025-07-10 10:49:28,858 INFO: Flask åº”ç”¨å¯åŠ¨ä¸­... [in /Users/dream/Desktop/å°å­¦æœŸ2/pavement_distraction_detection/backend/app/main.py:194]
2025-07-10 10:49:28,858 DEBUG: å½“å‰è¿è¡Œç¯å¢ƒ: development [in /Users/dream/Desktop/å°å­¦æœŸ2/pavement_distraction_detection/backend/app/main.py:195]
2025-07-10 10:49:28,860 WARNING:  * Debugger is active! [in /opt/anaconda3/lib/python3.12/site-packages/werkzeug/_internal.py:97]
2025-07-10 10:49:28,876 INFO:  * Debugger PIN: 956-487-144 [in /opt/anaconda3/lib/python3.12/site-packages/werkzeug/_internal.py:97]
2025-07-10 10:49:48,124 INFO: 127.0.0.1 - - [10/Jul/2025 10:49:48] "GET /socket.io/?EIO=4&transport=polling&t=si2j3fz0 HTTP/1.1" 200 - [in /opt/anaconda3/lib/python3.12/site-packages/werkzeug/_internal.py:97]
2025-07-10 10:49:48,150 INFO: SocketIO å®¢æˆ·ç«¯è¿æ¥ [in /Users/dream/Desktop/å°å­¦æœŸ2/pavement_distraction_detection/backend/app/main.py:90]
2025-07-10 10:49:48,152 INFO: 127.0.0.1 - - [10/Jul/2025 10:49:48] "POST /socket.io/?EIO=4&transport=polling&t=si2jjaiz&sid=j84wadsdSGbm9jRWAAAA HTTP/1.1" 200 - [in /opt/anaconda3/lib/python3.12/site-packages/werkzeug/_internal.py:97]
2025-07-10 10:49:48,158 INFO: 127.0.0.1 - - [10/Jul/2025 10:49:48] "GET /socket.io/?EIO=4&transport=polling&t=si2jljmb&sid=j84wadsdSGbm9jRWAAAA HTTP/1.1" 200 - [in /opt/anaconda3/lib/python3.12/site-packages/werkzeug/_internal.py:97]
2025-07-10 10:49:48,164 INFO: 127.0.0.1 - - [10/Jul/2025 10:49:48] "GET /socket.io/?EIO=4&transport=polling&t=si2khmqk&sid=j84wadsdSGbm9jRWAAAA HTTP/1.1" 200 - [in /opt/anaconda3/lib/python3.12/site-packages/werkzeug/_internal.py:97]
2025-07-10 10:49:49,316 INFO: æ”¶åˆ°è·¯é¢æ£€æµ‹è§†é¢‘å¸§ [in /Users/dream/Desktop/å°å­¦æœŸ2/pavement_distraction_detection/backend/app/main.py:159]
2025-07-10 10:49:49,316 INFO: å¼€å§‹å¤„ç†è§†é¢‘å¸§... [in /Users/dream/Desktop/å°å­¦æœŸ2/pavement_distraction_detection/backend/app/api/pavement_detection.py:92]
2025-07-10 10:49:49,317 WARNING: è§†é¢‘å¸§æ£€æµ‹å¤±è´¥: æ¨¡å‹æœªåŠ è½½ï¼Œæ— æ³•è¿›è¡Œæ£€æµ‹ [in /Users/dream/Desktop/å°å­¦æœŸ2/pavement_distraction_detection/backend/app/api/pavement_detection.py:108]
2025-07-10 11:03:38,286 INFO: æ—¥å¿—ç³»ç»Ÿåˆå§‹åŒ–å®Œæˆ [in /Users/dream/Desktop/å°å­¦æœŸ2/pavement_distraction_detection/backend/app/utils/logger.py:65]
2025-07-10 11:03:38,286 INFO: æ­£åœ¨åŠ è½½ Dlib äººè„¸è¯†åˆ«æ¨¡å‹... [in /Users/dream/Desktop/å°å­¦æœŸ2/pavement_distraction_detection/backend/app/services/face_service.py:27]
2025-07-10 11:03:38,796 INFO: Dlib æ¨¡å‹åŠ è½½å®Œæˆã€‚ [in /Users/dream/Desktop/å°å­¦æœŸ2/pavement_distraction_detection/backend/app/services/face_service.py:49]
2025-07-10 11:03:38,857 INFO: äººè„¸æ•°æ®åº“ '/Users/dream/Desktop/å°å­¦æœŸ2/pavement_distraction_detection/backend/app/services/../../data/features_all.csv' åŠ è½½å®Œæˆï¼Œå·²åŒ…å« 4 å¼ å·²çŸ¥äººè„¸ã€‚ [in /Users/dream/Desktop/å°å­¦æœŸ2/pavement_distraction_detection/backend/app/services/face_service.py:83]
2025-07-10 11:03:38,857 INFO: äººè„¸è¯†åˆ«æœåŠ¡åˆå§‹åŒ–å®Œæˆ [in /Users/dream/Desktop/å°å­¦æœŸ2/pavement_distraction_detection/backend/app/main.py:56]
2025-07-10 11:03:38,857 INFO: æµ‹è¯•æ—¥å¿—å†™å…¥ï¼šå¦‚æœä½ çœ‹åˆ°è¿™æ¡æ—¥å¿—ï¼Œè¯´æ˜æ—¥å¿—æ–‡ä»¶å†™å…¥æ­£å¸¸ï¼ [in /Users/dream/Desktop/å°å­¦æœŸ2/pavement_distraction_detection/backend/app/main.py:61]
2025-07-10 11:04:16,195 INFO: æ—¥å¿—ç³»ç»Ÿåˆå§‹åŒ–å®Œæˆ [in /Users/dream/Desktop/å°å­¦æœŸ2/pavement_distraction_detection/backend/app/utils/logger.py:65]
2025-07-10 11:04:16,196 INFO: æ­£åœ¨åŠ è½½ Dlib äººè„¸è¯†åˆ«æ¨¡å‹... [in /Users/dream/Desktop/å°å­¦æœŸ2/pavement_distraction_detection/backend/app/services/face_service.py:27]
2025-07-10 11:04:16,700 INFO: Dlib æ¨¡å‹åŠ è½½å®Œæˆã€‚ [in /Users/dream/Desktop/å°å­¦æœŸ2/pavement_distraction_detection/backend/app/services/face_service.py:49]
2025-07-10 11:04:16,761 INFO: äººè„¸æ•°æ®åº“ '/Users/dream/Desktop/å°å­¦æœŸ2/pavement_distraction_detection/backend/app/services/../../data/features_all.csv' åŠ è½½å®Œæˆï¼Œå·²åŒ…å« 4 å¼ å·²çŸ¥äººè„¸ã€‚ [in /Users/dream/Desktop/å°å­¦æœŸ2/pavement_distraction_detection/backend/app/services/face_service.py:83]
2025-07-10 11:04:16,761 INFO: äººè„¸è¯†åˆ«æœåŠ¡åˆå§‹åŒ–å®Œæˆ [in /Users/dream/Desktop/å°å­¦æœŸ2/pavement_distraction_detection/backend/app/main.py:56]
2025-07-10 11:04:16,761 INFO: æµ‹è¯•æ—¥å¿—å†™å…¥ï¼šå¦‚æœä½ çœ‹åˆ°è¿™æ¡æ—¥å¿—ï¼Œè¯´æ˜æ—¥å¿—æ–‡ä»¶å†™å…¥æ­£å¸¸ï¼ [in /Users/dream/Desktop/å°å­¦æœŸ2/pavement_distraction_detection/backend/app/main.py:61]
2025-07-10 11:04:44,440 INFO: æ—¥å¿—ç³»ç»Ÿåˆå§‹åŒ–å®Œæˆ [in /Users/dream/Desktop/å°å­¦æœŸ2/pavement_distraction_detection/backend/app/utils/logger.py:65]
2025-07-10 11:04:44,440 INFO: æ­£åœ¨åŠ è½½ Dlib äººè„¸è¯†åˆ«æ¨¡å‹... [in /Users/dream/Desktop/å°å­¦æœŸ2/pavement_distraction_detection/backend/app/services/face_service.py:27]
2025-07-10 11:04:44,915 INFO: Dlib æ¨¡å‹åŠ è½½å®Œæˆã€‚ [in /Users/dream/Desktop/å°å­¦æœŸ2/pavement_distraction_detection/backend/app/services/face_service.py:49]
2025-07-10 11:04:44,975 INFO: äººè„¸æ•°æ®åº“ '/Users/dream/Desktop/å°å­¦æœŸ2/pavement_distraction_detection/backend/app/services/../../data/features_all.csv' åŠ è½½å®Œæˆï¼Œå·²åŒ…å« 4 å¼ å·²çŸ¥äººè„¸ã€‚ [in /Users/dream/Desktop/å°å­¦æœŸ2/pavement_distraction_detection/backend/app/services/face_service.py:83]
2025-07-10 11:04:44,975 INFO: äººè„¸è¯†åˆ«æœåŠ¡åˆå§‹åŒ–å®Œæˆ [in /Users/dream/Desktop/å°å­¦æœŸ2/pavement_distraction_detection/backend/app/main.py:56]
2025-07-10 11:04:44,975 INFO: æµ‹è¯•æ—¥å¿—å†™å…¥ï¼šå¦‚æœä½ çœ‹åˆ°è¿™æ¡æ—¥å¿—ï¼Œè¯´æ˜æ—¥å¿—æ–‡ä»¶å†™å…¥æ­£å¸¸ï¼ [in /Users/dream/Desktop/å°å­¦æœŸ2/pavement_distraction_detection/backend/app/main.py:61]
2025-07-10 11:05:30,090 INFO: æ—¥å¿—ç³»ç»Ÿåˆå§‹åŒ–å®Œæˆ [in /Users/dream/Desktop/å°å­¦æœŸ2/pavement_distraction_detection/backend/app/utils/logger.py:65]
2025-07-10 11:05:30,090 INFO: æ­£åœ¨åŠ è½½ Dlib äººè„¸è¯†åˆ«æ¨¡å‹... [in /Users/dream/Desktop/å°å­¦æœŸ2/pavement_distraction_detection/backend/app/services/face_service.py:27]
2025-07-10 11:05:30,599 INFO: Dlib æ¨¡å‹åŠ è½½å®Œæˆã€‚ [in /Users/dream/Desktop/å°å­¦æœŸ2/pavement_distraction_detection/backend/app/services/face_service.py:49]
2025-07-10 11:05:30,661 INFO: äººè„¸æ•°æ®åº“ '/Users/dream/Desktop/å°å­¦æœŸ2/pavement_distraction_detection/backend/app/services/../../data/features_all.csv' åŠ è½½å®Œæˆï¼Œå·²åŒ…å« 4 å¼ å·²çŸ¥äººè„¸ã€‚ [in /Users/dream/Desktop/å°å­¦æœŸ2/pavement_distraction_detection/backend/app/services/face_service.py:83]
2025-07-10 11:05:30,661 INFO: äººè„¸è¯†åˆ«æœåŠ¡åˆå§‹åŒ–å®Œæˆ [in /Users/dream/Desktop/å°å­¦æœŸ2/pavement_distraction_detection/backend/app/main.py:56]
2025-07-10 11:05:30,661 INFO: æµ‹è¯•æ—¥å¿—å†™å…¥ï¼šå¦‚æœä½ çœ‹åˆ°è¿™æ¡æ—¥å¿—ï¼Œè¯´æ˜æ—¥å¿—æ–‡ä»¶å†™å…¥æ­£å¸¸ï¼ [in /Users/dream/Desktop/å°å­¦æœŸ2/pavement_distraction_detection/backend/app/main.py:61]
2025-07-10 11:05:33,141 INFO: æ•°æ®åº“è¿æ¥æˆåŠŸï¼Œæ‰€æœ‰è¡¨å·²åˆ›å»ºï¼ˆæˆ–å·²å­˜åœ¨ï¼‰ [in /Users/dream/Desktop/å°å­¦æœŸ2/pavement_distraction_detection/backend/app/main.py:190]
2025-07-10 11:05:33,142 INFO: Flask åº”ç”¨å¯åŠ¨ä¸­... [in /Users/dream/Desktop/å°å­¦æœŸ2/pavement_distraction_detection/backend/app/main.py:194]
2025-07-10 11:05:33,142 DEBUG: å½“å‰è¿è¡Œç¯å¢ƒ: development [in /Users/dream/Desktop/å°å­¦æœŸ2/pavement_distraction_detection/backend/app/main.py:195]
2025-07-10 11:06:30,188 INFO: æ—¥å¿—ç³»ç»Ÿåˆå§‹åŒ–å®Œæˆ [in /Users/dream/Desktop/å°å­¦æœŸ2/pavement_distraction_detection/backend/app/utils/logger.py:65]
2025-07-10 11:06:30,189 INFO: æ­£åœ¨åŠ è½½ Dlib äººè„¸è¯†åˆ«æ¨¡å‹... [in /Users/dream/Desktop/å°å­¦æœŸ2/pavement_distraction_detection/backend/app/services/face_service.py:27]
2025-07-10 11:06:30,682 INFO: Dlib æ¨¡å‹åŠ è½½å®Œæˆã€‚ [in /Users/dream/Desktop/å°å­¦æœŸ2/pavement_distraction_detection/backend/app/services/face_service.py:49]
2025-07-10 11:06:30,746 INFO: äººè„¸æ•°æ®åº“ '/Users/dream/Desktop/å°å­¦æœŸ2/pavement_distraction_detection/backend/app/services/../../data/features_all.csv' åŠ è½½å®Œæˆï¼Œå·²åŒ…å« 4 å¼ å·²çŸ¥äººè„¸ã€‚ [in /Users/dream/Desktop/å°å­¦æœŸ2/pavement_distraction_detection/backend/app/services/face_service.py:83]
2025-07-10 11:06:30,746 INFO: äººè„¸è¯†åˆ«æœåŠ¡åˆå§‹åŒ–å®Œæˆ [in /Users/dream/Desktop/å°å­¦æœŸ2/pavement_distraction_detection/backend/app/main.py:56]
2025-07-10 11:06:30,746 INFO: æµ‹è¯•æ—¥å¿—å†™å…¥ï¼šå¦‚æœä½ çœ‹åˆ°è¿™æ¡æ—¥å¿—ï¼Œè¯´æ˜æ—¥å¿—æ–‡ä»¶å†™å…¥æ­£å¸¸ï¼ [in /Users/dream/Desktop/å°å­¦æœŸ2/pavement_distraction_detection/backend/app/main.py:61]
2025-07-10 11:06:31,594 INFO: æ•°æ®åº“è¿æ¥æˆåŠŸï¼Œæ‰€æœ‰è¡¨å·²åˆ›å»ºï¼ˆæˆ–å·²å­˜åœ¨ï¼‰ [in /Users/dream/Desktop/å°å­¦æœŸ2/pavement_distraction_detection/backend/app/main.py:190]
2025-07-10 11:06:31,594 INFO: Flask åº”ç”¨å¯åŠ¨ä¸­... [in /Users/dream/Desktop/å°å­¦æœŸ2/pavement_distraction_detection/backend/app/main.py:194]
2025-07-10 11:06:31,594 DEBUG: å½“å‰è¿è¡Œç¯å¢ƒ: development [in /Users/dream/Desktop/å°å­¦æœŸ2/pavement_distraction_detection/backend/app/main.py:195]
2025-07-10 11:06:31,614 INFO: [31m[1mWARNING: This is a development server. Do not use it in a production deployment. Use a production WSGI server instead.[0m
 * Running on http://127.0.0.1:8000 [in /opt/anaconda3/envs/traffic/lib/python3.10/site-packages/werkzeug/_internal.py:97]
2025-07-10 11:06:31,614 INFO: [33mPress CTRL+C to quit[0m [in /opt/anaconda3/envs/traffic/lib/python3.10/site-packages/werkzeug/_internal.py:97]
2025-07-10 11:06:31,615 INFO:  * Restarting with stat [in /opt/anaconda3/envs/traffic/lib/python3.10/site-packages/werkzeug/_internal.py:97]
2025-07-10 11:06:32,055 INFO: æ—¥å¿—ç³»ç»Ÿåˆå§‹åŒ–å®Œæˆ [in /Users/dream/Desktop/å°å­¦æœŸ2/pavement_distraction_detection/backend/app/utils/logger.py:65]
2025-07-10 11:06:32,055 INFO: æ­£åœ¨åŠ è½½ Dlib äººè„¸è¯†åˆ«æ¨¡å‹... [in /Users/dream/Desktop/å°å­¦æœŸ2/pavement_distraction_detection/backend/app/services/face_service.py:27]
2025-07-10 11:06:32,522 INFO: Dlib æ¨¡å‹åŠ è½½å®Œæˆã€‚ [in /Users/dream/Desktop/å°å­¦æœŸ2/pavement_distraction_detection/backend/app/services/face_service.py:49]
2025-07-10 11:06:32,579 INFO: äººè„¸æ•°æ®åº“ '/Users/dream/Desktop/å°å­¦æœŸ2/pavement_distraction_detection/backend/app/services/../../data/features_all.csv' åŠ è½½å®Œæˆï¼Œå·²åŒ…å« 4 å¼ å·²çŸ¥äººè„¸ã€‚ [in /Users/dream/Desktop/å°å­¦æœŸ2/pavement_distraction_detection/backend/app/services/face_service.py:83]
2025-07-10 11:06:32,580 INFO: äººè„¸è¯†åˆ«æœåŠ¡åˆå§‹åŒ–å®Œæˆ [in /Users/dream/Desktop/å°å­¦æœŸ2/pavement_distraction_detection/backend/app/main.py:56]
2025-07-10 11:06:32,580 INFO: æµ‹è¯•æ—¥å¿—å†™å…¥ï¼šå¦‚æœä½ çœ‹åˆ°è¿™æ¡æ—¥å¿—ï¼Œè¯´æ˜æ—¥å¿—æ–‡ä»¶å†™å…¥æ­£å¸¸ï¼ [in /Users/dream/Desktop/å°å­¦æœŸ2/pavement_distraction_detection/backend/app/main.py:61]
2025-07-10 11:06:33,151 INFO: æ•°æ®åº“è¿æ¥æˆåŠŸï¼Œæ‰€æœ‰è¡¨å·²åˆ›å»ºï¼ˆæˆ–å·²å­˜åœ¨ï¼‰ [in /Users/dream/Desktop/å°å­¦æœŸ2/pavement_distraction_detection/backend/app/main.py:190]
2025-07-10 11:06:33,151 INFO: Flask åº”ç”¨å¯åŠ¨ä¸­... [in /Users/dream/Desktop/å°å­¦æœŸ2/pavement_distraction_detection/backend/app/main.py:194]
2025-07-10 11:06:33,151 DEBUG: å½“å‰è¿è¡Œç¯å¢ƒ: development [in /Users/dream/Desktop/å°å­¦æœŸ2/pavement_distraction_detection/backend/app/main.py:195]
2025-07-10 11:06:33,165 WARNING:  * Debugger is active! [in /opt/anaconda3/envs/traffic/lib/python3.10/site-packages/werkzeug/_internal.py:97]
2025-07-10 11:06:33,178 INFO:  * Debugger PIN: 563-527-697 [in /opt/anaconda3/envs/traffic/lib/python3.10/site-packages/werkzeug/_internal.py:97]
2025-07-10 11:07:49,113 INFO: æ—¥å¿—ç³»ç»Ÿåˆå§‹åŒ–å®Œæˆ [in /Users/dream/Desktop/å°å­¦æœŸ2/pavement_distraction_detection/backend/app/utils/logger.py:65]
2025-07-10 11:07:49,113 INFO: æ­£åœ¨åŠ è½½ Dlib äººè„¸è¯†åˆ«æ¨¡å‹... [in /Users/dream/Desktop/å°å­¦æœŸ2/pavement_distraction_detection/backend/app/services/face_service.py:27]
2025-07-10 11:07:49,630 INFO: Dlib æ¨¡å‹åŠ è½½å®Œæˆã€‚ [in /Users/dream/Desktop/å°å­¦æœŸ2/pavement_distraction_detection/backend/app/services/face_service.py:49]
2025-07-10 11:07:49,696 INFO: äººè„¸æ•°æ®åº“ '/Users/dream/Desktop/å°å­¦æœŸ2/pavement_distraction_detection/backend/app/services/../../data/features_all.csv' åŠ è½½å®Œæˆï¼Œå·²åŒ…å« 4 å¼ å·²çŸ¥äººè„¸ã€‚ [in /Users/dream/Desktop/å°å­¦æœŸ2/pavement_distraction_detection/backend/app/services/face_service.py:83]
2025-07-10 11:07:49,697 INFO: äººè„¸è¯†åˆ«æœåŠ¡åˆå§‹åŒ–å®Œæˆ [in /Users/dream/Desktop/å°å­¦æœŸ2/pavement_distraction_detection/backend/app/main.py:56]
2025-07-10 11:07:49,697 INFO: æµ‹è¯•æ—¥å¿—å†™å…¥ï¼šå¦‚æœä½ çœ‹åˆ°è¿™æ¡æ—¥å¿—ï¼Œè¯´æ˜æ—¥å¿—æ–‡ä»¶å†™å…¥æ­£å¸¸ï¼ [in /Users/dream/Desktop/å°å­¦æœŸ2/pavement_distraction_detection/backend/app/main.py:61]
2025-07-10 11:07:58,995 DEBUG: matplotlib data path: /opt/anaconda3/envs/traffic/lib/python3.10/site-packages/matplotlib/mpl-data [in /opt/anaconda3/envs/traffic/lib/python3.10/site-packages/matplotlib/__init__.py:342]
2025-07-10 11:07:59,006 DEBUG: CONFIGDIR=/Users/dream/.matplotlib [in /opt/anaconda3/envs/traffic/lib/python3.10/site-packages/matplotlib/__init__.py:342]
2025-07-10 11:07:59,009 DEBUG: interactive is False [in /opt/anaconda3/envs/traffic/lib/python3.10/site-packages/matplotlib/__init__.py:1557]
2025-07-10 11:07:59,009 DEBUG: platform is darwin [in /opt/anaconda3/envs/traffic/lib/python3.10/site-packages/matplotlib/__init__.py:1558]
2025-07-10 11:07:59,060 DEBUG: CACHEDIR=/Users/dream/.matplotlib [in /opt/anaconda3/envs/traffic/lib/python3.10/site-packages/matplotlib/__init__.py:342]
2025-07-10 11:07:59,063 DEBUG: Using fontManager instance from /Users/dream/.matplotlib/fontlist-v390.json [in /opt/anaconda3/envs/traffic/lib/python3.10/site-packages/matplotlib/font_manager.py:1635]
2025-07-10 11:07:59,437 INFO: æ•°æ®åº“è¿æ¥æˆåŠŸï¼Œæ‰€æœ‰è¡¨å·²åˆ›å»ºï¼ˆæˆ–å·²å­˜åœ¨ï¼‰ [in /Users/dream/Desktop/å°å­¦æœŸ2/pavement_distraction_detection/backend/app/main.py:190]
2025-07-10 11:07:59,437 INFO: Flask åº”ç”¨å¯åŠ¨ä¸­... [in /Users/dream/Desktop/å°å­¦æœŸ2/pavement_distraction_detection/backend/app/main.py:194]
2025-07-10 11:07:59,437 DEBUG: å½“å‰è¿è¡Œç¯å¢ƒ: development [in /Users/dream/Desktop/å°å­¦æœŸ2/pavement_distraction_detection/backend/app/main.py:195]
2025-07-10 11:08:19,568 INFO: æ—¥å¿—ç³»ç»Ÿåˆå§‹åŒ–å®Œæˆ [in /Users/dream/Desktop/å°å­¦æœŸ2/pavement_distraction_detection/backend/app/utils/logger.py:65]
2025-07-10 11:08:19,569 INFO: æ­£åœ¨åŠ è½½ Dlib äººè„¸è¯†åˆ«æ¨¡å‹... [in /Users/dream/Desktop/å°å­¦æœŸ2/pavement_distraction_detection/backend/app/services/face_service.py:27]
2025-07-10 11:08:20,089 INFO: Dlib æ¨¡å‹åŠ è½½å®Œæˆã€‚ [in /Users/dream/Desktop/å°å­¦æœŸ2/pavement_distraction_detection/backend/app/services/face_service.py:49]
2025-07-10 11:08:20,157 INFO: äººè„¸æ•°æ®åº“ '/Users/dream/Desktop/å°å­¦æœŸ2/pavement_distraction_detection/backend/app/services/../../data/features_all.csv' åŠ è½½å®Œæˆï¼Œå·²åŒ…å« 4 å¼ å·²çŸ¥äººè„¸ã€‚ [in /Users/dream/Desktop/å°å­¦æœŸ2/pavement_distraction_detection/backend/app/services/face_service.py:83]
2025-07-10 11:08:20,157 INFO: äººè„¸è¯†åˆ«æœåŠ¡åˆå§‹åŒ–å®Œæˆ [in /Users/dream/Desktop/å°å­¦æœŸ2/pavement_distraction_detection/backend/app/main.py:56]
2025-07-10 11:08:20,157 INFO: æµ‹è¯•æ—¥å¿—å†™å…¥ï¼šå¦‚æœä½ çœ‹åˆ°è¿™æ¡æ—¥å¿—ï¼Œè¯´æ˜æ—¥å¿—æ–‡ä»¶å†™å…¥æ­£å¸¸ï¼ [in /Users/dream/Desktop/å°å­¦æœŸ2/pavement_distraction_detection/backend/app/main.py:61]
2025-07-10 11:08:23,901 DEBUG: matplotlib data path: /opt/anaconda3/envs/traffic/lib/python3.10/site-packages/matplotlib/mpl-data [in /opt/anaconda3/envs/traffic/lib/python3.10/site-packages/matplotlib/__init__.py:342]
2025-07-10 11:08:23,904 DEBUG: CONFIGDIR=/Users/dream/.matplotlib [in /opt/anaconda3/envs/traffic/lib/python3.10/site-packages/matplotlib/__init__.py:342]
2025-07-10 11:08:23,905 DEBUG: interactive is False [in /opt/anaconda3/envs/traffic/lib/python3.10/site-packages/matplotlib/__init__.py:1557]
2025-07-10 11:08:23,905 DEBUG: platform is darwin [in /opt/anaconda3/envs/traffic/lib/python3.10/site-packages/matplotlib/__init__.py:1558]
2025-07-10 11:08:23,947 DEBUG: CACHEDIR=/Users/dream/.matplotlib [in /opt/anaconda3/envs/traffic/lib/python3.10/site-packages/matplotlib/__init__.py:342]
2025-07-10 11:08:23,950 DEBUG: Using fontManager instance from /Users/dream/.matplotlib/fontlist-v390.json [in /opt/anaconda3/envs/traffic/lib/python3.10/site-packages/matplotlib/font_manager.py:1635]
2025-07-10 11:08:24,312 INFO: æ•°æ®åº“è¿æ¥æˆåŠŸï¼Œæ‰€æœ‰è¡¨å·²åˆ›å»ºï¼ˆæˆ–å·²å­˜åœ¨ï¼‰ [in /Users/dream/Desktop/å°å­¦æœŸ2/pavement_distraction_detection/backend/app/main.py:190]
2025-07-10 11:08:24,313 INFO: Flask åº”ç”¨å¯åŠ¨ä¸­... [in /Users/dream/Desktop/å°å­¦æœŸ2/pavement_distraction_detection/backend/app/main.py:194]
2025-07-10 11:08:24,313 DEBUG: å½“å‰è¿è¡Œç¯å¢ƒ: development [in /Users/dream/Desktop/å°å­¦æœŸ2/pavement_distraction_detection/backend/app/main.py:195]
2025-07-10 11:08:24,340 INFO: [31m[1mWARNING: This is a development server. Do not use it in a production deployment. Use a production WSGI server instead.[0m
 * Running on http://127.0.0.1:8000 [in /opt/anaconda3/envs/traffic/lib/python3.10/site-packages/werkzeug/_internal.py:97]
2025-07-10 11:08:24,341 INFO: [33mPress CTRL+C to quit[0m [in /opt/anaconda3/envs/traffic/lib/python3.10/site-packages/werkzeug/_internal.py:97]
2025-07-10 11:08:24,341 INFO:  * Restarting with stat [in /opt/anaconda3/envs/traffic/lib/python3.10/site-packages/werkzeug/_internal.py:97]
2025-07-10 11:08:24,998 INFO: æ—¥å¿—ç³»ç»Ÿåˆå§‹åŒ–å®Œæˆ [in /Users/dream/Desktop/å°å­¦æœŸ2/pavement_distraction_detection/backend/app/utils/logger.py:65]
2025-07-10 11:08:24,998 INFO: æ­£åœ¨åŠ è½½ Dlib äººè„¸è¯†åˆ«æ¨¡å‹... [in /Users/dream/Desktop/å°å­¦æœŸ2/pavement_distraction_detection/backend/app/services/face_service.py:27]
2025-07-10 11:08:25,502 INFO: Dlib æ¨¡å‹åŠ è½½å®Œæˆã€‚ [in /Users/dream/Desktop/å°å­¦æœŸ2/pavement_distraction_detection/backend/app/services/face_service.py:49]
2025-07-10 11:08:25,566 INFO: äººè„¸æ•°æ®åº“ '/Users/dream/Desktop/å°å­¦æœŸ2/pavement_distraction_detection/backend/app/services/../../data/features_all.csv' åŠ è½½å®Œæˆï¼Œå·²åŒ…å« 4 å¼ å·²çŸ¥äººè„¸ã€‚ [in /Users/dream/Desktop/å°å­¦æœŸ2/pavement_distraction_detection/backend/app/services/face_service.py:83]
2025-07-10 11:08:25,566 INFO: äººè„¸è¯†åˆ«æœåŠ¡åˆå§‹åŒ–å®Œæˆ [in /Users/dream/Desktop/å°å­¦æœŸ2/pavement_distraction_detection/backend/app/main.py:56]
2025-07-10 11:08:25,566 INFO: æµ‹è¯•æ—¥å¿—å†™å…¥ï¼šå¦‚æœä½ çœ‹åˆ°è¿™æ¡æ—¥å¿—ï¼Œè¯´æ˜æ—¥å¿—æ–‡ä»¶å†™å…¥æ­£å¸¸ï¼ [in /Users/dream/Desktop/å°å­¦æœŸ2/pavement_distraction_detection/backend/app/main.py:61]
2025-07-10 11:08:29,092 DEBUG: matplotlib data path: /opt/anaconda3/envs/traffic/lib/python3.10/site-packages/matplotlib/mpl-data [in /opt/anaconda3/envs/traffic/lib/python3.10/site-packages/matplotlib/__init__.py:342]
2025-07-10 11:08:29,095 DEBUG: CONFIGDIR=/Users/dream/.matplotlib [in /opt/anaconda3/envs/traffic/lib/python3.10/site-packages/matplotlib/__init__.py:342]
2025-07-10 11:08:29,096 DEBUG: interactive is False [in /opt/anaconda3/envs/traffic/lib/python3.10/site-packages/matplotlib/__init__.py:1557]
2025-07-10 11:08:29,096 DEBUG: platform is darwin [in /opt/anaconda3/envs/traffic/lib/python3.10/site-packages/matplotlib/__init__.py:1558]
2025-07-10 11:08:29,127 DEBUG: CACHEDIR=/Users/dream/.matplotlib [in /opt/anaconda3/envs/traffic/lib/python3.10/site-packages/matplotlib/__init__.py:342]
2025-07-10 11:08:29,129 DEBUG: Using fontManager instance from /Users/dream/.matplotlib/fontlist-v390.json [in /opt/anaconda3/envs/traffic/lib/python3.10/site-packages/matplotlib/font_manager.py:1635]
2025-07-10 11:08:29,416 INFO: æ•°æ®åº“è¿æ¥æˆåŠŸï¼Œæ‰€æœ‰è¡¨å·²åˆ›å»ºï¼ˆæˆ–å·²å­˜åœ¨ï¼‰ [in /Users/dream/Desktop/å°å­¦æœŸ2/pavement_distraction_detection/backend/app/main.py:190]
2025-07-10 11:08:29,416 INFO: Flask åº”ç”¨å¯åŠ¨ä¸­... [in /Users/dream/Desktop/å°å­¦æœŸ2/pavement_distraction_detection/backend/app/main.py:194]
2025-07-10 11:08:29,416 DEBUG: å½“å‰è¿è¡Œç¯å¢ƒ: development [in /Users/dream/Desktop/å°å­¦æœŸ2/pavement_distraction_detection/backend/app/main.py:195]
2025-07-10 11:08:29,429 WARNING:  * Debugger is active! [in /opt/anaconda3/envs/traffic/lib/python3.10/site-packages/werkzeug/_internal.py:97]
2025-07-10 11:08:29,447 INFO:  * Debugger PIN: 563-527-697 [in /opt/anaconda3/envs/traffic/lib/python3.10/site-packages/werkzeug/_internal.py:97]
2025-07-10 11:08:49,949 INFO: 127.0.0.1 - - [10/Jul/2025 11:08:49] "GET /socket.io/?EIO=4&transport=polling&t=t6jker31 HTTP/1.1" 200 - [in /opt/anaconda3/envs/traffic/lib/python3.10/site-packages/werkzeug/_internal.py:97]
2025-07-10 11:08:49,988 INFO: SocketIO å®¢æˆ·ç«¯è¿æ¥ [in /Users/dream/Desktop/å°å­¦æœŸ2/pavement_distraction_detection/backend/app/main.py:90]
2025-07-10 11:08:49,992 INFO: 127.0.0.1 - - [10/Jul/2025 11:08:49] "POST /socket.io/?EIO=4&transport=polling&t=t6jl4ihy&sid=25-I-AFtjG6Meav3AAAA HTTP/1.1" 200 - [in /opt/anaconda3/envs/traffic/lib/python3.10/site-packages/werkzeug/_internal.py:97]
2025-07-10 11:08:49,992 INFO: 127.0.0.1 - - [10/Jul/2025 11:08:49] "GET /socket.io/?EIO=4&transport=polling&t=t6jl7uhm&sid=25-I-AFtjG6Meav3AAAA HTTP/1.1" 200 - [in /opt/anaconda3/envs/traffic/lib/python3.10/site-packages/werkzeug/_internal.py:97]
2025-07-10 11:08:52,419 INFO: æ”¶åˆ°äººè„¸è¯†åˆ«è¯·æ±‚ [in /Users/dream/Desktop/å°å­¦æœŸ2/pavement_distraction_detection/backend/app/main.py:105]
2025-07-10 11:08:52,607 INFO: æ£€æµ‹åˆ°äººè„¸: å¼ å¤©æ¢¦ (è·ç¦»: 0.354) [in /Users/dream/Desktop/å°å­¦æœŸ2/pavement_distraction_detection/backend/app/services/face_service.py:156]
2025-07-10 11:08:52,648 INFO: æ”¶åˆ°äººè„¸è¯†åˆ«è¯·æ±‚ [in /Users/dream/Desktop/å°å­¦æœŸ2/pavement_distraction_detection/backend/app/main.py:105]
2025-07-10 11:08:52,686 INFO: æ£€æµ‹åˆ°äººè„¸: å¼ å¤©æ¢¦ (è·ç¦»: 0.359) [in /Users/dream/Desktop/å°å­¦æœŸ2/pavement_distraction_detection/backend/app/services/face_service.py:156]
2025-07-10 11:08:52,779 INFO: æ”¶åˆ°äººè„¸è¯†åˆ«è¯·æ±‚ [in /Users/dream/Desktop/å°å­¦æœŸ2/pavement_distraction_detection/backend/app/main.py:105]
2025-07-10 11:08:52,818 INFO: æ£€æµ‹åˆ°äººè„¸: å¼ å¤©æ¢¦ (è·ç¦»: 0.356) [in /Users/dream/Desktop/å°å­¦æœŸ2/pavement_distraction_detection/backend/app/services/face_service.py:156]
2025-07-10 11:08:52,818 INFO: è¿ç»­ä¸‰å¸§ä¸€è‡´ï¼Œemitç»“æœï¼Œsid=JcWMpSNRTOORzQPRAAAB, name=å¼ å¤©æ¢¦, dq=[(1752116932.646482, 'å¼ å¤©æ¢¦'), (1752116932.691724, 'å¼ å¤©æ¢¦'), (1752116932.818762, 'å¼ å¤©æ¢¦')] [in /Users/dream/Desktop/å°å­¦æœŸ2/pavement_distraction_detection/backend/app/main.py:125]
2025-07-10 11:08:52,822 INFO: SocketIO å®¢æˆ·ç«¯æ–­å¼€è¿æ¥ [in /Users/dream/Desktop/å°å­¦æœŸ2/pavement_distraction_detection/backend/app/main.py:95]
2025-07-10 11:08:52,823 INFO: 127.0.0.1 - - [10/Jul/2025 11:08:52] "GET /socket.io/?EIO=4&transport=websocket&sid=25-I-AFtjG6Meav3AAAA HTTP/1.1" 200 - [in /opt/anaconda3/envs/traffic/lib/python3.10/site-packages/werkzeug/_internal.py:97]
2025-07-10 11:09:27,493 INFO: 127.0.0.1 - - [10/Jul/2025 11:09:27] "GET /socket.io/?EIO=4&transport=polling&t=t7cj3kv6 HTTP/1.1" 200 - [in /opt/anaconda3/envs/traffic/lib/python3.10/site-packages/werkzeug/_internal.py:97]
2025-07-10 11:09:27,504 INFO: SocketIO å®¢æˆ·ç«¯è¿æ¥ [in /Users/dream/Desktop/å°å­¦æœŸ2/pavement_distraction_detection/backend/app/main.py:90]
2025-07-10 11:09:27,504 INFO: 127.0.0.1 - - [10/Jul/2025 11:09:27] "GET /socket.io/?EIO=4&transport=polling&t=t7cjrmzl&sid=hyK1lu2jLE1LfGmDAAAC HTTP/1.1" 200 - [in /opt/anaconda3/envs/traffic/lib/python3.10/site-packages/werkzeug/_internal.py:97]
2025-07-10 11:09:27,506 INFO: 127.0.0.1 - - [10/Jul/2025 11:09:27] "POST /socket.io/?EIO=4&transport=polling&t=t7cjqkso&sid=hyK1lu2jLE1LfGmDAAAC HTTP/1.1" 200 - [in /opt/anaconda3/envs/traffic/lib/python3.10/site-packages/werkzeug/_internal.py:97]
2025-07-10 11:09:27,510 INFO: 127.0.0.1 - - [10/Jul/2025 11:09:27] "GET /socket.io/?EIO=4&transport=polling&t=t7ck4uke&sid=hyK1lu2jLE1LfGmDAAAC HTTP/1.1" 200 - [in /opt/anaconda3/envs/traffic/lib/python3.10/site-packages/werkzeug/_internal.py:97]
2025-07-10 11:09:29,643 INFO: æ”¶åˆ°äººè„¸è¯†åˆ«è¯·æ±‚ [in /Users/dream/Desktop/å°å­¦æœŸ2/pavement_distraction_detection/backend/app/main.py:105]
2025-07-10 11:09:29,714 INFO: æ£€æµ‹åˆ°äººè„¸: é™Œç”Ÿäºº (è·ç¦»: 0.463) [in /Users/dream/Desktop/å°å­¦æœŸ2/pavement_distraction_detection/backend/app/services/face_service.py:156]
2025-07-10 11:09:29,799 INFO: æ”¶åˆ°äººè„¸è¯†åˆ«è¯·æ±‚ [in /Users/dream/Desktop/å°å­¦æœŸ2/pavement_distraction_detection/backend/app/main.py:105]
2025-07-10 11:09:29,837 INFO: æ£€æµ‹åˆ°äººè„¸: é™Œç”Ÿäºº (è·ç¦»: 0.474) [in /Users/dream/Desktop/å°å­¦æœŸ2/pavement_distraction_detection/backend/app/services/face_service.py:156]
2025-07-10 11:09:30,004 INFO: æ”¶åˆ°äººè„¸è¯†åˆ«è¯·æ±‚ [in /Users/dream/Desktop/å°å­¦æœŸ2/pavement_distraction_detection/backend/app/main.py:105]
2025-07-10 11:09:30,051 INFO: æ£€æµ‹åˆ°äººè„¸: é™Œç”Ÿäºº (è·ç¦»: 0.463) [in /Users/dream/Desktop/å°å­¦æœŸ2/pavement_distraction_detection/backend/app/services/face_service.py:156]
2025-07-10 11:09:30,052 INFO: è¿ç»­ä¸‰å¸§ä¸€è‡´ï¼Œemitç»“æœï¼Œsid=IFRdZVfGb3XHSaN_AAAD, name=é™Œç”Ÿäºº, dq=[(1752116969.714725, 'é™Œç”Ÿäºº'), (1752116969.838023, 'é™Œç”Ÿäºº'), (1752116970.052178, 'é™Œç”Ÿäºº')] [in /Users/dream/Desktop/å°å­¦æœŸ2/pavement_distraction_detection/backend/app/main.py:125]
2025-07-10 11:09:30,052 WARNING: å‘Šè­¦ï¼šæ£€æµ‹åˆ°é™Œç”Ÿäººï¼ [in /Users/dream/Desktop/å°å­¦æœŸ2/pavement_distraction_detection/backend/app/main.py:128]
2025-07-10 11:09:33,151 INFO: SocketIO å®¢æˆ·ç«¯æ–­å¼€è¿æ¥ [in /Users/dream/Desktop/å°å­¦æœŸ2/pavement_distraction_detection/backend/app/main.py:95]
2025-07-10 11:09:33,154 INFO: 127.0.0.1 - - [10/Jul/2025 11:09:33] "GET /socket.io/?EIO=4&transport=websocket&sid=hyK1lu2jLE1LfGmDAAAC HTTP/1.1" 200 - [in /opt/anaconda3/envs/traffic/lib/python3.10/site-packages/werkzeug/_internal.py:97]
2025-07-10 11:09:48,296 INFO: 127.0.0.1 - - [10/Jul/2025 11:09:48] "GET /socket.io/?EIO=4&transport=polling&t=t7slbgn3 HTTP/1.1" 200 - [in /opt/anaconda3/envs/traffic/lib/python3.10/site-packages/werkzeug/_internal.py:97]
2025-07-10 11:09:48,319 INFO: SocketIO å®¢æˆ·ç«¯è¿æ¥ [in /Users/dream/Desktop/å°å­¦æœŸ2/pavement_distraction_detection/backend/app/main.py:90]
2025-07-10 11:09:48,321 INFO: 127.0.0.1 - - [10/Jul/2025 11:09:48] "POST /socket.io/?EIO=4&transport=polling&t=t7slmmx1&sid=BijhDyCXYV-wB2_lAAAE HTTP/1.1" 200 - [in /opt/anaconda3/envs/traffic/lib/python3.10/site-packages/werkzeug/_internal.py:97]
2025-07-10 11:09:48,323 INFO: 127.0.0.1 - - [10/Jul/2025 11:09:48] "GET /socket.io/?EIO=4&transport=polling&t=t7slnirv&sid=BijhDyCXYV-wB2_lAAAE HTTP/1.1" 200 - [in /opt/anaconda3/envs/traffic/lib/python3.10/site-packages/werkzeug/_internal.py:97]
2025-07-10 11:09:49,468 INFO: æ”¶åˆ°è·¯é¢æ£€æµ‹è§†é¢‘å¸§ [in /Users/dream/Desktop/å°å­¦æœŸ2/pavement_distraction_detection/backend/app/main.py:159]
2025-07-10 11:09:49,469 INFO: å¼€å§‹å¤„ç†è§†é¢‘å¸§... [in /Users/dream/Desktop/å°å­¦æœŸ2/pavement_distraction_detection/backend/app/api/pavement_detection.py:92]
2025-07-10 11:09:49,470 WARNING: è§†é¢‘å¸§æ£€æµ‹å¤±è´¥: æ¨¡å‹æœªåŠ è½½ï¼Œæ— æ³•è¿›è¡Œæ£€æµ‹ [in /Users/dream/Desktop/å°å­¦æœŸ2/pavement_distraction_detection/backend/app/api/pavement_detection.py:108]
2025-07-10 11:11:29,196 INFO: æ—¥å¿—ç³»ç»Ÿåˆå§‹åŒ–å®Œæˆ [in /Users/dream/Desktop/å°å­¦æœŸ2/pavement_distraction_detection/backend/app/utils/logger.py:65]
2025-07-10 11:11:29,196 INFO: æ­£åœ¨åŠ è½½ Dlib äººè„¸è¯†åˆ«æ¨¡å‹... [in /Users/dream/Desktop/å°å­¦æœŸ2/pavement_distraction_detection/backend/app/services/face_service.py:27]
2025-07-10 11:11:29,692 INFO: Dlib æ¨¡å‹åŠ è½½å®Œæˆã€‚ [in /Users/dream/Desktop/å°å­¦æœŸ2/pavement_distraction_detection/backend/app/services/face_service.py:49]
2025-07-10 11:11:29,754 INFO: äººè„¸æ•°æ®åº“ '/Users/dream/Desktop/å°å­¦æœŸ2/pavement_distraction_detection/backend/app/services/../../data/features_all.csv' åŠ è½½å®Œæˆï¼Œå·²åŒ…å« 4 å¼ å·²çŸ¥äººè„¸ã€‚ [in /Users/dream/Desktop/å°å­¦æœŸ2/pavement_distraction_detection/backend/app/services/face_service.py:83]
2025-07-10 11:11:29,754 INFO: äººè„¸è¯†åˆ«æœåŠ¡åˆå§‹åŒ–å®Œæˆ [in /Users/dream/Desktop/å°å­¦æœŸ2/pavement_distraction_detection/backend/app/main.py:56]
2025-07-10 11:11:29,754 INFO: æµ‹è¯•æ—¥å¿—å†™å…¥ï¼šå¦‚æœä½ çœ‹åˆ°è¿™æ¡æ—¥å¿—ï¼Œè¯´æ˜æ—¥å¿—æ–‡ä»¶å†™å…¥æ­£å¸¸ï¼ [in /Users/dream/Desktop/å°å­¦æœŸ2/pavement_distraction_detection/backend/app/main.py:61]
2025-07-10 11:11:33,515 DEBUG: matplotlib data path: /opt/anaconda3/envs/traffic/lib/python3.10/site-packages/matplotlib/mpl-data [in /opt/anaconda3/envs/traffic/lib/python3.10/site-packages/matplotlib/__init__.py:342]
2025-07-10 11:11:33,518 DEBUG: CONFIGDIR=/Users/dream/.matplotlib [in /opt/anaconda3/envs/traffic/lib/python3.10/site-packages/matplotlib/__init__.py:342]
2025-07-10 11:11:33,519 DEBUG: interactive is False [in /opt/anaconda3/envs/traffic/lib/python3.10/site-packages/matplotlib/__init__.py:1557]
2025-07-10 11:11:33,519 DEBUG: platform is darwin [in /opt/anaconda3/envs/traffic/lib/python3.10/site-packages/matplotlib/__init__.py:1558]
2025-07-10 11:11:33,551 DEBUG: CACHEDIR=/Users/dream/.matplotlib [in /opt/anaconda3/envs/traffic/lib/python3.10/site-packages/matplotlib/__init__.py:342]
2025-07-10 11:11:33,553 DEBUG: Using fontManager instance from /Users/dream/.matplotlib/fontlist-v390.json [in /opt/anaconda3/envs/traffic/lib/python3.10/site-packages/matplotlib/font_manager.py:1635]
2025-07-10 11:11:33,915 INFO: æ•°æ®åº“è¿æ¥æˆåŠŸï¼Œæ‰€æœ‰è¡¨å·²åˆ›å»ºï¼ˆæˆ–å·²å­˜åœ¨ï¼‰ [in /Users/dream/Desktop/å°å­¦æœŸ2/pavement_distraction_detection/backend/app/main.py:190]
2025-07-10 11:11:33,915 INFO: Flask åº”ç”¨å¯åŠ¨ä¸­... [in /Users/dream/Desktop/å°å­¦æœŸ2/pavement_distraction_detection/backend/app/main.py:194]
2025-07-10 11:11:33,915 DEBUG: å½“å‰è¿è¡Œç¯å¢ƒ: development [in /Users/dream/Desktop/å°å­¦æœŸ2/pavement_distraction_detection/backend/app/main.py:195]
2025-07-10 11:11:33,939 INFO: [31m[1mWARNING: This is a development server. Do not use it in a production deployment. Use a production WSGI server instead.[0m
 * Running on http://127.0.0.1:8000 [in /opt/anaconda3/envs/traffic/lib/python3.10/site-packages/werkzeug/_internal.py:97]
2025-07-10 11:11:33,939 INFO: [33mPress CTRL+C to quit[0m [in /opt/anaconda3/envs/traffic/lib/python3.10/site-packages/werkzeug/_internal.py:97]
2025-07-10 11:11:33,939 INFO:  * Restarting with stat [in /opt/anaconda3/envs/traffic/lib/python3.10/site-packages/werkzeug/_internal.py:97]
2025-07-10 11:11:34,540 INFO: æ—¥å¿—ç³»ç»Ÿåˆå§‹åŒ–å®Œæˆ [in /Users/dream/Desktop/å°å­¦æœŸ2/pavement_distraction_detection/backend/app/utils/logger.py:65]
2025-07-10 11:11:34,540 INFO: æ­£åœ¨åŠ è½½ Dlib äººè„¸è¯†åˆ«æ¨¡å‹... [in /Users/dream/Desktop/å°å­¦æœŸ2/pavement_distraction_detection/backend/app/services/face_service.py:27]
2025-07-10 11:11:35,019 INFO: Dlib æ¨¡å‹åŠ è½½å®Œæˆã€‚ [in /Users/dream/Desktop/å°å­¦æœŸ2/pavement_distraction_detection/backend/app/services/face_service.py:49]
2025-07-10 11:11:35,079 INFO: äººè„¸æ•°æ®åº“ '/Users/dream/Desktop/å°å­¦æœŸ2/pavement_distraction_detection/backend/app/services/../../data/features_all.csv' åŠ è½½å®Œæˆï¼Œå·²åŒ…å« 4 å¼ å·²çŸ¥äººè„¸ã€‚ [in /Users/dream/Desktop/å°å­¦æœŸ2/pavement_distraction_detection/backend/app/services/face_service.py:83]
2025-07-10 11:11:35,079 INFO: äººè„¸è¯†åˆ«æœåŠ¡åˆå§‹åŒ–å®Œæˆ [in /Users/dream/Desktop/å°å­¦æœŸ2/pavement_distraction_detection/backend/app/main.py:56]
2025-07-10 11:11:35,079 INFO: æµ‹è¯•æ—¥å¿—å†™å…¥ï¼šå¦‚æœä½ çœ‹åˆ°è¿™æ¡æ—¥å¿—ï¼Œè¯´æ˜æ—¥å¿—æ–‡ä»¶å†™å…¥æ­£å¸¸ï¼ [in /Users/dream/Desktop/å°å­¦æœŸ2/pavement_distraction_detection/backend/app/main.py:61]
2025-07-10 11:11:38,237 DEBUG: matplotlib data path: /opt/anaconda3/envs/traffic/lib/python3.10/site-packages/matplotlib/mpl-data [in /opt/anaconda3/envs/traffic/lib/python3.10/site-packages/matplotlib/__init__.py:342]
2025-07-10 11:11:38,240 DEBUG: CONFIGDIR=/Users/dream/.matplotlib [in /opt/anaconda3/envs/traffic/lib/python3.10/site-packages/matplotlib/__init__.py:342]
2025-07-10 11:11:38,241 DEBUG: interactive is False [in /opt/anaconda3/envs/traffic/lib/python3.10/site-packages/matplotlib/__init__.py:1557]
2025-07-10 11:11:38,241 DEBUG: platform is darwin [in /opt/anaconda3/envs/traffic/lib/python3.10/site-packages/matplotlib/__init__.py:1558]
2025-07-10 11:11:38,268 DEBUG: CACHEDIR=/Users/dream/.matplotlib [in /opt/anaconda3/envs/traffic/lib/python3.10/site-packages/matplotlib/__init__.py:342]
2025-07-10 11:11:38,269 DEBUG: Using fontManager instance from /Users/dream/.matplotlib/fontlist-v390.json [in /opt/anaconda3/envs/traffic/lib/python3.10/site-packages/matplotlib/font_manager.py:1635]
2025-07-10 11:11:38,564 INFO: æ•°æ®åº“è¿æ¥æˆåŠŸï¼Œæ‰€æœ‰è¡¨å·²åˆ›å»ºï¼ˆæˆ–å·²å­˜åœ¨ï¼‰ [in /Users/dream/Desktop/å°å­¦æœŸ2/pavement_distraction_detection/backend/app/main.py:190]
2025-07-10 11:11:38,564 INFO: Flask åº”ç”¨å¯åŠ¨ä¸­... [in /Users/dream/Desktop/å°å­¦æœŸ2/pavement_distraction_detection/backend/app/main.py:194]
2025-07-10 11:11:38,564 DEBUG: å½“å‰è¿è¡Œç¯å¢ƒ: development [in /Users/dream/Desktop/å°å­¦æœŸ2/pavement_distraction_detection/backend/app/main.py:195]
2025-07-10 11:11:38,579 WARNING:  * Debugger is active! [in /opt/anaconda3/envs/traffic/lib/python3.10/site-packages/werkzeug/_internal.py:97]
2025-07-10 11:11:38,594 INFO:  * Debugger PIN: 563-527-697 [in /opt/anaconda3/envs/traffic/lib/python3.10/site-packages/werkzeug/_internal.py:97]
2025-07-10 11:12:25,031 INFO: æ—¥å¿—ç³»ç»Ÿåˆå§‹åŒ–å®Œæˆ [in /Users/dream/Desktop/å°å­¦æœŸ2/pavement_distraction_detection/backend/app/utils/logger.py:65]
2025-07-10 11:12:25,031 INFO: æ­£åœ¨åŠ è½½ Dlib äººè„¸è¯†åˆ«æ¨¡å‹... [in /Users/dream/Desktop/å°å­¦æœŸ2/pavement_distraction_detection/backend/app/services/face_service.py:27]
2025-07-10 11:12:25,522 INFO: Dlib æ¨¡å‹åŠ è½½å®Œæˆã€‚ [in /Users/dream/Desktop/å°å­¦æœŸ2/pavement_distraction_detection/backend/app/services/face_service.py:49]
2025-07-10 11:12:25,585 INFO: äººè„¸æ•°æ®åº“ '/Users/dream/Desktop/å°å­¦æœŸ2/pavement_distraction_detection/backend/app/services/../../data/features_all.csv' åŠ è½½å®Œæˆï¼Œå·²åŒ…å« 4 å¼ å·²çŸ¥äººè„¸ã€‚ [in /Users/dream/Desktop/å°å­¦æœŸ2/pavement_distraction_detection/backend/app/services/face_service.py:83]
2025-07-10 11:12:25,586 INFO: äººè„¸è¯†åˆ«æœåŠ¡åˆå§‹åŒ–å®Œæˆ [in /Users/dream/Desktop/å°å­¦æœŸ2/pavement_distraction_detection/backend/app/main.py:56]
2025-07-10 11:12:25,586 INFO: æµ‹è¯•æ—¥å¿—å†™å…¥ï¼šå¦‚æœä½ çœ‹åˆ°è¿™æ¡æ—¥å¿—ï¼Œè¯´æ˜æ—¥å¿—æ–‡ä»¶å†™å…¥æ­£å¸¸ï¼ [in /Users/dream/Desktop/å°å­¦æœŸ2/pavement_distraction_detection/backend/app/main.py:61]
2025-07-10 11:12:29,389 DEBUG: matplotlib data path: /opt/anaconda3/envs/traffic/lib/python3.10/site-packages/matplotlib/mpl-data [in /opt/anaconda3/envs/traffic/lib/python3.10/site-packages/matplotlib/__init__.py:342]
2025-07-10 11:12:29,397 DEBUG: CONFIGDIR=/Users/dream/.matplotlib [in /opt/anaconda3/envs/traffic/lib/python3.10/site-packages/matplotlib/__init__.py:342]
2025-07-10 11:12:29,401 DEBUG: interactive is False [in /opt/anaconda3/envs/traffic/lib/python3.10/site-packages/matplotlib/__init__.py:1557]
2025-07-10 11:12:29,401 DEBUG: platform is darwin [in /opt/anaconda3/envs/traffic/lib/python3.10/site-packages/matplotlib/__init__.py:1558]
2025-07-10 11:12:29,453 DEBUG: CACHEDIR=/Users/dream/.matplotlib [in /opt/anaconda3/envs/traffic/lib/python3.10/site-packages/matplotlib/__init__.py:342]
2025-07-10 11:12:29,455 DEBUG: Using fontManager instance from /Users/dream/.matplotlib/fontlist-v390.json [in /opt/anaconda3/envs/traffic/lib/python3.10/site-packages/matplotlib/font_manager.py:1635]
2025-07-10 11:12:50,786 DEBUG: Loaded backend Agg version v2.2. [in /opt/anaconda3/envs/traffic/lib/python3.10/site-packages/matplotlib/pyplot.py:497]
2025-07-10 11:12:51,001 INFO: æ•°æ®åº“è¿æ¥æˆåŠŸï¼Œæ‰€æœ‰è¡¨å·²åˆ›å»ºï¼ˆæˆ–å·²å­˜åœ¨ï¼‰ [in /Users/dream/Desktop/å°å­¦æœŸ2/pavement_distraction_detection/backend/app/main.py:190]
2025-07-10 11:12:51,001 INFO: Flask åº”ç”¨å¯åŠ¨ä¸­... [in /Users/dream/Desktop/å°å­¦æœŸ2/pavement_distraction_detection/backend/app/main.py:194]
2025-07-10 11:12:51,001 DEBUG: å½“å‰è¿è¡Œç¯å¢ƒ: development [in /Users/dream/Desktop/å°å­¦æœŸ2/pavement_distraction_detection/backend/app/main.py:195]
2025-07-10 11:13:49,082 INFO: æ—¥å¿—ç³»ç»Ÿåˆå§‹åŒ–å®Œæˆ [in /Users/dream/Desktop/å°å­¦æœŸ2/pavement_distraction_detection/backend/app/utils/logger.py:65]
2025-07-10 11:13:49,082 INFO: æ­£åœ¨åŠ è½½ Dlib äººè„¸è¯†åˆ«æ¨¡å‹... [in /Users/dream/Desktop/å°å­¦æœŸ2/pavement_distraction_detection/backend/app/services/face_service.py:27]
2025-07-10 11:13:49,585 INFO: Dlib æ¨¡å‹åŠ è½½å®Œæˆã€‚ [in /Users/dream/Desktop/å°å­¦æœŸ2/pavement_distraction_detection/backend/app/services/face_service.py:49]
2025-07-10 11:13:49,646 INFO: äººè„¸æ•°æ®åº“ '/Users/dream/Desktop/å°å­¦æœŸ2/pavement_distraction_detection/backend/app/services/../../data/features_all.csv' åŠ è½½å®Œæˆï¼Œå·²åŒ…å« 4 å¼ å·²çŸ¥äººè„¸ã€‚ [in /Users/dream/Desktop/å°å­¦æœŸ2/pavement_distraction_detection/backend/app/services/face_service.py:83]
2025-07-10 11:13:49,646 INFO: äººè„¸è¯†åˆ«æœåŠ¡åˆå§‹åŒ–å®Œæˆ [in /Users/dream/Desktop/å°å­¦æœŸ2/pavement_distraction_detection/backend/app/main.py:56]
2025-07-10 11:13:49,646 INFO: æµ‹è¯•æ—¥å¿—å†™å…¥ï¼šå¦‚æœä½ çœ‹åˆ°è¿™æ¡æ—¥å¿—ï¼Œè¯´æ˜æ—¥å¿—æ–‡ä»¶å†™å…¥æ­£å¸¸ï¼ [in /Users/dream/Desktop/å°å­¦æœŸ2/pavement_distraction_detection/backend/app/main.py:61]
2025-07-10 11:13:53,228 DEBUG: matplotlib data path: /opt/anaconda3/envs/traffic/lib/python3.10/site-packages/matplotlib/mpl-data [in /opt/anaconda3/envs/traffic/lib/python3.10/site-packages/matplotlib/__init__.py:342]
2025-07-10 11:13:53,231 DEBUG: CONFIGDIR=/Users/dream/.matplotlib [in /opt/anaconda3/envs/traffic/lib/python3.10/site-packages/matplotlib/__init__.py:342]
2025-07-10 11:13:53,232 DEBUG: interactive is False [in /opt/anaconda3/envs/traffic/lib/python3.10/site-packages/matplotlib/__init__.py:1557]
2025-07-10 11:13:53,232 DEBUG: platform is darwin [in /opt/anaconda3/envs/traffic/lib/python3.10/site-packages/matplotlib/__init__.py:1558]
2025-07-10 11:13:53,262 DEBUG: CACHEDIR=/Users/dream/.matplotlib [in /opt/anaconda3/envs/traffic/lib/python3.10/site-packages/matplotlib/__init__.py:342]
2025-07-10 11:13:53,264 DEBUG: Using fontManager instance from /Users/dream/.matplotlib/fontlist-v390.json [in /opt/anaconda3/envs/traffic/lib/python3.10/site-packages/matplotlib/font_manager.py:1635]
2025-07-10 11:13:54,021 DEBUG: Loaded backend Agg version v2.2. [in /opt/anaconda3/envs/traffic/lib/python3.10/site-packages/matplotlib/pyplot.py:497]
2025-07-10 11:13:54,168 INFO: æ•°æ®åº“è¿æ¥æˆåŠŸï¼Œæ‰€æœ‰è¡¨å·²åˆ›å»ºï¼ˆæˆ–å·²å­˜åœ¨ï¼‰ [in /Users/dream/Desktop/å°å­¦æœŸ2/pavement_distraction_detection/backend/app/main.py:190]
2025-07-10 11:13:54,169 INFO: Flask åº”ç”¨å¯åŠ¨ä¸­... [in /Users/dream/Desktop/å°å­¦æœŸ2/pavement_distraction_detection/backend/app/main.py:194]
2025-07-10 11:13:54,169 DEBUG: å½“å‰è¿è¡Œç¯å¢ƒ: development [in /Users/dream/Desktop/å°å­¦æœŸ2/pavement_distraction_detection/backend/app/main.py:195]
2025-07-10 11:13:54,192 INFO: [31m[1mWARNING: This is a development server. Do not use it in a production deployment. Use a production WSGI server instead.[0m
 * Running on http://127.0.0.1:8000 [in /opt/anaconda3/envs/traffic/lib/python3.10/site-packages/werkzeug/_internal.py:97]
2025-07-10 11:13:54,192 INFO: [33mPress CTRL+C to quit[0m [in /opt/anaconda3/envs/traffic/lib/python3.10/site-packages/werkzeug/_internal.py:97]
2025-07-10 11:13:54,193 INFO:  * Restarting with stat [in /opt/anaconda3/envs/traffic/lib/python3.10/site-packages/werkzeug/_internal.py:97]
2025-07-10 11:13:54,810 INFO: æ—¥å¿—ç³»ç»Ÿåˆå§‹åŒ–å®Œæˆ [in /Users/dream/Desktop/å°å­¦æœŸ2/pavement_distraction_detection/backend/app/utils/logger.py:65]
2025-07-10 11:13:54,810 INFO: æ­£åœ¨åŠ è½½ Dlib äººè„¸è¯†åˆ«æ¨¡å‹... [in /Users/dream/Desktop/å°å­¦æœŸ2/pavement_distraction_detection/backend/app/services/face_service.py:27]
2025-07-10 11:13:55,274 INFO: Dlib æ¨¡å‹åŠ è½½å®Œæˆã€‚ [in /Users/dream/Desktop/å°å­¦æœŸ2/pavement_distraction_detection/backend/app/services/face_service.py:49]
2025-07-10 11:13:55,334 INFO: äººè„¸æ•°æ®åº“ '/Users/dream/Desktop/å°å­¦æœŸ2/pavement_distraction_detection/backend/app/services/../../data/features_all.csv' åŠ è½½å®Œæˆï¼Œå·²åŒ…å« 4 å¼ å·²çŸ¥äººè„¸ã€‚ [in /Users/dream/Desktop/å°å­¦æœŸ2/pavement_distraction_detection/backend/app/services/face_service.py:83]
2025-07-10 11:13:55,334 INFO: äººè„¸è¯†åˆ«æœåŠ¡åˆå§‹åŒ–å®Œæˆ [in /Users/dream/Desktop/å°å­¦æœŸ2/pavement_distraction_detection/backend/app/main.py:56]
2025-07-10 11:13:55,334 INFO: æµ‹è¯•æ—¥å¿—å†™å…¥ï¼šå¦‚æœä½ çœ‹åˆ°è¿™æ¡æ—¥å¿—ï¼Œè¯´æ˜æ—¥å¿—æ–‡ä»¶å†™å…¥æ­£å¸¸ï¼ [in /Users/dream/Desktop/å°å­¦æœŸ2/pavement_distraction_detection/backend/app/main.py:61]
2025-07-10 11:13:58,761 DEBUG: matplotlib data path: /opt/anaconda3/envs/traffic/lib/python3.10/site-packages/matplotlib/mpl-data [in /opt/anaconda3/envs/traffic/lib/python3.10/site-packages/matplotlib/__init__.py:342]
2025-07-10 11:13:58,764 DEBUG: CONFIGDIR=/Users/dream/.matplotlib [in /opt/anaconda3/envs/traffic/lib/python3.10/site-packages/matplotlib/__init__.py:342]
2025-07-10 11:13:58,765 DEBUG: interactive is False [in /opt/anaconda3/envs/traffic/lib/python3.10/site-packages/matplotlib/__init__.py:1557]
2025-07-10 11:13:58,765 DEBUG: platform is darwin [in /opt/anaconda3/envs/traffic/lib/python3.10/site-packages/matplotlib/__init__.py:1558]
2025-07-10 11:13:58,796 DEBUG: CACHEDIR=/Users/dream/.matplotlib [in /opt/anaconda3/envs/traffic/lib/python3.10/site-packages/matplotlib/__init__.py:342]
2025-07-10 11:13:58,798 DEBUG: Using fontManager instance from /Users/dream/.matplotlib/fontlist-v390.json [in /opt/anaconda3/envs/traffic/lib/python3.10/site-packages/matplotlib/font_manager.py:1635]
2025-07-10 11:13:59,477 DEBUG: Loaded backend Agg version v2.2. [in /opt/anaconda3/envs/traffic/lib/python3.10/site-packages/matplotlib/pyplot.py:497]
2025-07-10 11:13:59,554 INFO: æ•°æ®åº“è¿æ¥æˆåŠŸï¼Œæ‰€æœ‰è¡¨å·²åˆ›å»ºï¼ˆæˆ–å·²å­˜åœ¨ï¼‰ [in /Users/dream/Desktop/å°å­¦æœŸ2/pavement_distraction_detection/backend/app/main.py:190]
2025-07-10 11:13:59,554 INFO: Flask åº”ç”¨å¯åŠ¨ä¸­... [in /Users/dream/Desktop/å°å­¦æœŸ2/pavement_distraction_detection/backend/app/main.py:194]
2025-07-10 11:13:59,554 DEBUG: å½“å‰è¿è¡Œç¯å¢ƒ: development [in /Users/dream/Desktop/å°å­¦æœŸ2/pavement_distraction_detection/backend/app/main.py:195]
2025-07-10 11:13:59,568 WARNING:  * Debugger is active! [in /opt/anaconda3/envs/traffic/lib/python3.10/site-packages/werkzeug/_internal.py:97]
2025-07-10 11:13:59,579 INFO:  * Debugger PIN: 563-527-697 [in /opt/anaconda3/envs/traffic/lib/python3.10/site-packages/werkzeug/_internal.py:97]
2025-07-10 11:15:07,025 INFO: æ—¥å¿—ç³»ç»Ÿåˆå§‹åŒ–å®Œæˆ [in /Users/dream/Desktop/å°å­¦æœŸ2/pavement_distraction_detection/backend/app/utils/logger.py:65]
2025-07-10 11:15:07,025 INFO: æ­£åœ¨åŠ è½½ Dlib äººè„¸è¯†åˆ«æ¨¡å‹... [in /Users/dream/Desktop/å°å­¦æœŸ2/pavement_distraction_detection/backend/app/services/face_service.py:27]
2025-07-10 11:15:07,543 INFO: Dlib æ¨¡å‹åŠ è½½å®Œæˆã€‚ [in /Users/dream/Desktop/å°å­¦æœŸ2/pavement_distraction_detection/backend/app/services/face_service.py:49]
2025-07-10 11:15:07,605 INFO: äººè„¸æ•°æ®åº“ '/Users/dream/Desktop/å°å­¦æœŸ2/pavement_distraction_detection/backend/app/services/../../data/features_all.csv' åŠ è½½å®Œæˆï¼Œå·²åŒ…å« 4 å¼ å·²çŸ¥äººè„¸ã€‚ [in /Users/dream/Desktop/å°å­¦æœŸ2/pavement_distraction_detection/backend/app/services/face_service.py:83]
2025-07-10 11:15:07,605 INFO: äººè„¸è¯†åˆ«æœåŠ¡åˆå§‹åŒ–å®Œæˆ [in /Users/dream/Desktop/å°å­¦æœŸ2/pavement_distraction_detection/backend/app/main.py:56]
2025-07-10 11:15:07,605 INFO: æµ‹è¯•æ—¥å¿—å†™å…¥ï¼šå¦‚æœä½ çœ‹åˆ°è¿™æ¡æ—¥å¿—ï¼Œè¯´æ˜æ—¥å¿—æ–‡ä»¶å†™å…¥æ­£å¸¸ï¼ [in /Users/dream/Desktop/å°å­¦æœŸ2/pavement_distraction_detection/backend/app/main.py:61]
2025-07-10 11:15:11,315 DEBUG: matplotlib data path: /opt/anaconda3/envs/traffic/lib/python3.10/site-packages/matplotlib/mpl-data [in /opt/anaconda3/envs/traffic/lib/python3.10/site-packages/matplotlib/__init__.py:342]
2025-07-10 11:15:11,319 DEBUG: CONFIGDIR=/Users/dream/.matplotlib [in /opt/anaconda3/envs/traffic/lib/python3.10/site-packages/matplotlib/__init__.py:342]
2025-07-10 11:15:11,320 DEBUG: interactive is False [in /opt/anaconda3/envs/traffic/lib/python3.10/site-packages/matplotlib/__init__.py:1557]
2025-07-10 11:15:11,320 DEBUG: platform is darwin [in /opt/anaconda3/envs/traffic/lib/python3.10/site-packages/matplotlib/__init__.py:1558]
2025-07-10 11:15:11,351 DEBUG: CACHEDIR=/Users/dream/.matplotlib [in /opt/anaconda3/envs/traffic/lib/python3.10/site-packages/matplotlib/__init__.py:342]
2025-07-10 11:15:11,353 DEBUG: Using fontManager instance from /Users/dream/.matplotlib/fontlist-v390.json [in /opt/anaconda3/envs/traffic/lib/python3.10/site-packages/matplotlib/font_manager.py:1635]
2025-07-10 11:15:12,126 DEBUG: Loaded backend Agg version v2.2. [in /opt/anaconda3/envs/traffic/lib/python3.10/site-packages/matplotlib/pyplot.py:497]
2025-07-10 11:15:12,228 INFO: æ•°æ®åº“è¿æ¥æˆåŠŸï¼Œæ‰€æœ‰è¡¨å·²åˆ›å»ºï¼ˆæˆ–å·²å­˜åœ¨ï¼‰ [in /Users/dream/Desktop/å°å­¦æœŸ2/pavement_distraction_detection/backend/app/main.py:190]
2025-07-10 11:15:12,228 INFO: Flask åº”ç”¨å¯åŠ¨ä¸­... [in /Users/dream/Desktop/å°å­¦æœŸ2/pavement_distraction_detection/backend/app/main.py:194]
2025-07-10 11:15:12,228 DEBUG: å½“å‰è¿è¡Œç¯å¢ƒ: development [in /Users/dream/Desktop/å°å­¦æœŸ2/pavement_distraction_detection/backend/app/main.py:195]
2025-07-10 11:15:12,258 INFO: [31m[1mWARNING: This is a development server. Do not use it in a production deployment. Use a production WSGI server instead.[0m
 * Running on http://127.0.0.1:8000 [in /opt/anaconda3/envs/traffic/lib/python3.10/site-packages/werkzeug/_internal.py:97]
2025-07-10 11:15:12,258 INFO: [33mPress CTRL+C to quit[0m [in /opt/anaconda3/envs/traffic/lib/python3.10/site-packages/werkzeug/_internal.py:97]
2025-07-10 11:15:12,258 INFO:  * Restarting with stat [in /opt/anaconda3/envs/traffic/lib/python3.10/site-packages/werkzeug/_internal.py:97]
2025-07-10 11:15:12,866 INFO: æ—¥å¿—ç³»ç»Ÿåˆå§‹åŒ–å®Œæˆ [in /Users/dream/Desktop/å°å­¦æœŸ2/pavement_distraction_detection/backend/app/utils/logger.py:65]
2025-07-10 11:15:12,866 INFO: æ­£åœ¨åŠ è½½ Dlib äººè„¸è¯†åˆ«æ¨¡å‹... [in /Users/dream/Desktop/å°å­¦æœŸ2/pavement_distraction_detection/backend/app/services/face_service.py:27]
2025-07-10 11:15:13,338 INFO: Dlib æ¨¡å‹åŠ è½½å®Œæˆã€‚ [in /Users/dream/Desktop/å°å­¦æœŸ2/pavement_distraction_detection/backend/app/services/face_service.py:49]
2025-07-10 11:15:13,397 INFO: äººè„¸æ•°æ®åº“ '/Users/dream/Desktop/å°å­¦æœŸ2/pavement_distraction_detection/backend/app/services/../../data/features_all.csv' åŠ è½½å®Œæˆï¼Œå·²åŒ…å« 4 å¼ å·²çŸ¥äººè„¸ã€‚ [in /Users/dream/Desktop/å°å­¦æœŸ2/pavement_distraction_detection/backend/app/services/face_service.py:83]
2025-07-10 11:15:13,397 INFO: äººè„¸è¯†åˆ«æœåŠ¡åˆå§‹åŒ–å®Œæˆ [in /Users/dream/Desktop/å°å­¦æœŸ2/pavement_distraction_detection/backend/app/main.py:56]
2025-07-10 11:15:13,397 INFO: æµ‹è¯•æ—¥å¿—å†™å…¥ï¼šå¦‚æœä½ çœ‹åˆ°è¿™æ¡æ—¥å¿—ï¼Œè¯´æ˜æ—¥å¿—æ–‡ä»¶å†™å…¥æ­£å¸¸ï¼ [in /Users/dream/Desktop/å°å­¦æœŸ2/pavement_distraction_detection/backend/app/main.py:61]
2025-07-10 11:15:16,899 DEBUG: matplotlib data path: /opt/anaconda3/envs/traffic/lib/python3.10/site-packages/matplotlib/mpl-data [in /opt/anaconda3/envs/traffic/lib/python3.10/site-packages/matplotlib/__init__.py:342]
2025-07-10 11:15:16,902 DEBUG: CONFIGDIR=/Users/dream/.matplotlib [in /opt/anaconda3/envs/traffic/lib/python3.10/site-packages/matplotlib/__init__.py:342]
2025-07-10 11:15:16,903 DEBUG: interactive is False [in /opt/anaconda3/envs/traffic/lib/python3.10/site-packages/matplotlib/__init__.py:1557]
2025-07-10 11:15:16,903 DEBUG: platform is darwin [in /opt/anaconda3/envs/traffic/lib/python3.10/site-packages/matplotlib/__init__.py:1558]
2025-07-10 11:15:16,933 DEBUG: CACHEDIR=/Users/dream/.matplotlib [in /opt/anaconda3/envs/traffic/lib/python3.10/site-packages/matplotlib/__init__.py:342]
2025-07-10 11:15:16,935 DEBUG: Using fontManager instance from /Users/dream/.matplotlib/fontlist-v390.json [in /opt/anaconda3/envs/traffic/lib/python3.10/site-packages/matplotlib/font_manager.py:1635]
2025-07-10 11:15:17,604 DEBUG: Loaded backend Agg version v2.2. [in /opt/anaconda3/envs/traffic/lib/python3.10/site-packages/matplotlib/pyplot.py:497]
2025-07-10 11:15:17,680 INFO: æ•°æ®åº“è¿æ¥æˆåŠŸï¼Œæ‰€æœ‰è¡¨å·²åˆ›å»ºï¼ˆæˆ–å·²å­˜åœ¨ï¼‰ [in /Users/dream/Desktop/å°å­¦æœŸ2/pavement_distraction_detection/backend/app/main.py:190]
2025-07-10 11:15:17,680 INFO: Flask åº”ç”¨å¯åŠ¨ä¸­... [in /Users/dream/Desktop/å°å­¦æœŸ2/pavement_distraction_detection/backend/app/main.py:194]
2025-07-10 11:15:17,680 DEBUG: å½“å‰è¿è¡Œç¯å¢ƒ: development [in /Users/dream/Desktop/å°å­¦æœŸ2/pavement_distraction_detection/backend/app/main.py:195]
2025-07-10 11:15:17,696 WARNING:  * Debugger is active! [in /opt/anaconda3/envs/traffic/lib/python3.10/site-packages/werkzeug/_internal.py:97]
2025-07-10 11:15:17,707 INFO:  * Debugger PIN: 563-527-697 [in /opt/anaconda3/envs/traffic/lib/python3.10/site-packages/werkzeug/_internal.py:97]
2025-07-10 11:15:23,436 INFO: 127.0.0.1 - - [10/Jul/2025 11:15:23] "GET /socket.io/?EIO=4&transport=polling&t=tez5zw97 HTTP/1.1" 200 - [in /opt/anaconda3/envs/traffic/lib/python3.10/site-packages/werkzeug/_internal.py:97]
2025-07-10 11:15:23,455 INFO: SocketIO å®¢æˆ·ç«¯è¿æ¥ [in /Users/dream/Desktop/å°å­¦æœŸ2/pavement_distraction_detection/backend/app/main.py:90]
2025-07-10 11:15:23,456 INFO: 127.0.0.1 - - [10/Jul/2025 11:15:23] "POST /socket.io/?EIO=4&transport=polling&t=tez7a3qi&sid=ogUQUtQq0M8Mqd7-AAAA HTTP/1.1" 200 - [in /opt/anaconda3/envs/traffic/lib/python3.10/site-packages/werkzeug/_internal.py:97]
2025-07-10 11:15:23,458 INFO: 127.0.0.1 - - [10/Jul/2025 11:15:23] "GET /socket.io/?EIO=4&transport=polling&t=tez7e59u&sid=ogUQUtQq0M8Mqd7-AAAA HTTP/1.1" 200 - [in /opt/anaconda3/envs/traffic/lib/python3.10/site-packages/werkzeug/_internal.py:97]
2025-07-10 11:15:23,462 INFO: 127.0.0.1 - - [10/Jul/2025 11:15:23] "GET /socket.io/?EIO=4&transport=polling&t=tez7oix2&sid=ogUQUtQq0M8Mqd7-AAAA HTTP/1.1" 200 - [in /opt/anaconda3/envs/traffic/lib/python3.10/site-packages/werkzeug/_internal.py:97]
2025-07-10 11:15:23,474 INFO: 127.0.0.1 - - [10/Jul/2025 11:15:23] "GET /socket.io/?EIO=4&transport=polling&t=tez80bmy&sid=ogUQUtQq0M8Mqd7-AAAA HTTP/1.1" 200 - [in /opt/anaconda3/envs/traffic/lib/python3.10/site-packages/werkzeug/_internal.py:97]
2025-07-10 11:15:24,707 INFO: æ”¶åˆ°è·¯é¢æ£€æµ‹è§†é¢‘å¸§ [in /Users/dream/Desktop/å°å­¦æœŸ2/pavement_distraction_detection/backend/app/main.py:159]
2025-07-10 11:15:24,707 INFO: å¼€å§‹å¤„ç†è§†é¢‘å¸§... [in /Users/dream/Desktop/å°å­¦æœŸ2/pavement_distraction_detection/backend/app/api/pavement_detection.py:92]
2025-07-10 11:15:25,404 DEBUG: tag: ExifIFD (34665) - type: long (4) - value: b'\x00\x00\x00\x1a' [in /opt/anaconda3/envs/traffic/lib/python3.10/site-packages/PIL/TiffImagePlugin.py:942]
2025-07-10 11:15:25,521 INFO: è§†é¢‘å¸§æ£€æµ‹å®Œæˆï¼Œæ£€æµ‹åˆ° 0 ä¸ªå¯¹è±¡ã€‚ [in /Users/dream/Desktop/å°å­¦æœŸ2/pavement_distraction_detection/backend/app/api/pavement_detection.py:106]
2025-07-10 11:15:46,978 INFO: SocketIO å®¢æˆ·ç«¯æ–­å¼€è¿æ¥ [in /Users/dream/Desktop/å°å­¦æœŸ2/pavement_distraction_detection/backend/app/main.py:95]
2025-07-10 11:15:46,979 INFO: 127.0.0.1 - - [10/Jul/2025 11:15:46] "GET /socket.io/?EIO=4&transport=websocket&sid=ogUQUtQq0M8Mqd7-AAAA HTTP/1.1" 200 - [in /opt/anaconda3/envs/traffic/lib/python3.10/site-packages/werkzeug/_internal.py:97]
2025-07-10 11:16:59,974 INFO:  * Detected change in '/Users/dream/Desktop/å°å­¦æœŸ2/pavement_distraction_detection/backend/app/main.py', reloading [in /opt/anaconda3/envs/traffic/lib/python3.10/site-packages/werkzeug/_internal.py:97]
2025-07-10 11:17:00,855 INFO:  * Restarting with stat [in /opt/anaconda3/envs/traffic/lib/python3.10/site-packages/werkzeug/_internal.py:97]
2025-07-10 11:17:01,882 INFO: æ—¥å¿—ç³»ç»Ÿåˆå§‹åŒ–å®Œæˆ [in /Users/dream/Desktop/å°å­¦æœŸ2/pavement_distraction_detection/backend/app/utils/logger.py:65]
2025-07-10 11:17:01,882 INFO: æ­£åœ¨åŠ è½½ Dlib äººè„¸è¯†åˆ«æ¨¡å‹... [in /Users/dream/Desktop/å°å­¦æœŸ2/pavement_distraction_detection/backend/app/services/face_service.py:27]
2025-07-10 11:17:02,378 INFO: Dlib æ¨¡å‹åŠ è½½å®Œæˆã€‚ [in /Users/dream/Desktop/å°å­¦æœŸ2/pavement_distraction_detection/backend/app/services/face_service.py:49]
2025-07-10 11:17:02,454 INFO: äººè„¸æ•°æ®åº“ '/Users/dream/Desktop/å°å­¦æœŸ2/pavement_distraction_detection/backend/app/services/../../data/features_all.csv' åŠ è½½å®Œæˆï¼Œå·²åŒ…å« 5 å¼ å·²çŸ¥äººè„¸ã€‚ [in /Users/dream/Desktop/å°å­¦æœŸ2/pavement_distraction_detection/backend/app/services/face_service.py:94]
2025-07-10 11:17:02,454 INFO: äººè„¸è¯†åˆ«æœåŠ¡åˆå§‹åŒ–å®Œæˆ [in /Users/dream/Desktop/å°å­¦æœŸ2/pavement_distraction_detection/backend/app/main.py:56]
2025-07-10 11:17:02,454 INFO: æµ‹è¯•æ—¥å¿—å†™å…¥ï¼šå¦‚æœä½ çœ‹åˆ°è¿™æ¡æ—¥å¿—ï¼Œè¯´æ˜æ—¥å¿—æ–‡ä»¶å†™å…¥æ­£å¸¸ï¼ [in /Users/dream/Desktop/å°å­¦æœŸ2/pavement_distraction_detection/backend/app/main.py:61]
2025-07-10 11:17:06,209 DEBUG: matplotlib data path: /opt/anaconda3/envs/traffic/lib/python3.10/site-packages/matplotlib/mpl-data [in /opt/anaconda3/envs/traffic/lib/python3.10/site-packages/matplotlib/__init__.py:342]
2025-07-10 11:17:06,212 DEBUG: CONFIGDIR=/Users/dream/.matplotlib [in /opt/anaconda3/envs/traffic/lib/python3.10/site-packages/matplotlib/__init__.py:342]
2025-07-10 11:17:06,213 DEBUG: interactive is False [in /opt/anaconda3/envs/traffic/lib/python3.10/site-packages/matplotlib/__init__.py:1557]
2025-07-10 11:17:06,213 DEBUG: platform is darwin [in /opt/anaconda3/envs/traffic/lib/python3.10/site-packages/matplotlib/__init__.py:1558]
2025-07-10 11:17:06,244 DEBUG: CACHEDIR=/Users/dream/.matplotlib [in /opt/anaconda3/envs/traffic/lib/python3.10/site-packages/matplotlib/__init__.py:342]
2025-07-10 11:17:06,246 DEBUG: Using fontManager instance from /Users/dream/.matplotlib/fontlist-v390.json [in /opt/anaconda3/envs/traffic/lib/python3.10/site-packages/matplotlib/font_manager.py:1635]
2025-07-10 11:17:07,016 DEBUG: Loaded backend Agg version v2.2. [in /opt/anaconda3/envs/traffic/lib/python3.10/site-packages/matplotlib/pyplot.py:497]
2025-07-10 11:17:07,155 INFO: æ•°æ®åº“è¿æ¥æˆåŠŸï¼Œæ‰€æœ‰è¡¨å·²åˆ›å»ºï¼ˆæˆ–å·²å­˜åœ¨ï¼‰ [in /Users/dream/Desktop/å°å­¦æœŸ2/pavement_distraction_detection/backend/app/main.py:190]
2025-07-10 11:17:07,155 INFO: Flask åº”ç”¨å¯åŠ¨ä¸­... [in /Users/dream/Desktop/å°å­¦æœŸ2/pavement_distraction_detection/backend/app/main.py:195]
2025-07-10 11:17:07,155 DEBUG: å½“å‰è¿è¡Œç¯å¢ƒ: development [in /Users/dream/Desktop/å°å­¦æœŸ2/pavement_distraction_detection/backend/app/main.py:196]
